2026-01-18 00:00:34,001 [INFO] AutoTrader | HEARTBEAT | total=78 inplay=11 with_strategy=8
2026-01-18 00:01:41,490 [INFO] AutoTrader | HEARTBEAT | total=78 inplay=11 with_strategy=8
2026-01-18 00:01:53,679 [INFO] AutoTrader | BAND 45' | 45 | Uruguayan Cup | Nacional (Uru) v Cerro Largo FC | 1-0 | RC(H/A)=0/0 | strat=None
2026-01-18 00:02:47,457 [INFO] AutoTrader | HEARTBEAT | total=78 inplay=11 with_strategy=8
2026-01-18 00:02:59,916 [INFO] AutoTrader | BAND 60' | 61 | Mexican Liga MX Femenil | CF America (W) v Club Necaxa (W) | 3-0 | RC(H/A)=0/0 | strat=None
2026-01-18 00:03:44,390 [INFO] AutoTrader | BAND 30' | 30 | Brazilian Paulista Serie A1 | SE Palmeiras v Mirassol | 0-0 | RC(H/A)=0/0 | strat=None
2026-01-18 00:03:52,833 [INFO] AutoTrader | HEARTBEAT | total=78 inplay=11 with_strategy=8
2026-01-18 00:04:58,282 [INFO] AutoTrader | HEARTBEAT | total=78 inplay=11 with_strategy=8
2026-01-18 00:05:55,094 [INFO] AutoTrader | BAND 45' | 45 | Colombian Primera A | Atletico Nacional Medellin v Boyaca Chico | 1-0 | RC(H/A)=0/0 | strat=None
2026-01-18 00:06:03,741 [INFO] AutoTrader | HEARTBEAT | total=78 inplay=11 with_strategy=8
2026-01-18 00:06:38,622 [INFO] AutoTrader | BAND 45' | 45 | Mexican Liga MX Femenil | CF America (W) v Club Necaxa (W) | 3-0 | RC(H/A)=0/0 | strat=None
2026-01-18 00:07:11,411 [INFO] AutoTrader | HEARTBEAT | total=84 inplay=11 with_strategy=8
2026-01-18 00:08:20,951 [INFO] AutoTrader | HEARTBEAT | total=84 inplay=11 with_strategy=8
2026-01-18 00:09:28,706 [INFO] AutoTrader | HEARTBEAT | total=84 inplay=11 with_strategy=8
2026-01-18 00:10:36,157 [INFO] AutoTrader | HEARTBEAT | total=84 inplay=11 with_strategy=8
2026-01-18 00:11:43,541 [INFO] AutoTrader | HEARTBEAT | total=84 inplay=11 with_strategy=8
2026-01-18 00:12:18,129 [INFO] AutoTrader | FINISH | Mexican Liga Premier | Inter Playa Del Carmen v Cafetaleros de Chiapas | FT=3-3 | result=0 | pnl=None | strat=None | remaining_current=83
2026-01-18 00:12:51,129 [INFO] AutoTrader | HEARTBEAT | total=83 inplay=10 with_strategy=8
2026-01-18 00:13:26,978 [INFO] AutoTrader | KICKOFF | Costa Rican Primera Division | Puntarenas F.C. v Cs Cartagines | SP(H/D/A)=2.200/3.300/3.850 | fav=1 | strat=None
2026-01-18 00:13:58,549 [INFO] AutoTrader | HEARTBEAT | total=83 inplay=11 with_strategy=8
2026-01-18 00:15:07,326 [INFO] AutoTrader | HEARTBEAT | total=83 inplay=11 with_strategy=8
2026-01-18 00:16:14,812 [INFO] AutoTrader | HEARTBEAT | total=83 inplay=11 with_strategy=8
2026-01-18 00:16:49,198 [INFO] AutoTrader | BAND 60' | 60 | Uruguayan Cup | Nacional (Uru) v Cerro Largo FC | 1-1 | RC(H/A)=0/0 | strat=None
2026-01-18 00:17:21,773 [INFO] AutoTrader | HEARTBEAT | total=83 inplay=11 with_strategy=8
2026-01-18 00:17:55,964 [INFO] AutoTrader | BAND 60' | 60 | Mexican Liga de Ascenso | Tlaxcala F.C v Cancun FC | 0-0 | RC(H/A)=0/0 | strat=None
2026-01-18 00:17:57,207 [INFO] AutoTrader | BAND 45' | 45 | Brazilian Paulista Serie A1 | SE Palmeiras v Mirassol | 0-0 | RC(H/A)=0/0 | strat=None
2026-01-18 00:18:28,792 [INFO] AutoTrader | HEARTBEAT | total=83 inplay=11 with_strategy=8
2026-01-18 00:19:35,922 [INFO] AutoTrader | HEARTBEAT | total=83 inplay=11 with_strategy=8
2026-01-18 00:19:49,363 [INFO] AutoTrader | BAND 15' | 18 | Costa Rican Primera Division | Puntarenas F.C. v Cs Cartagines | 0-0 | RC(H/A)=0/0 | strat=None
2026-01-18 00:20:43,245 [INFO] AutoTrader | HEARTBEAT | total=83 inplay=11 with_strategy=8
2026-01-18 00:21:19,106 [INFO] AutoTrader | BAND 60' | 60 | Mexican Liga MX Femenil | CF America (W) v Club Necaxa (W) | 4-0 | RC(H/A)=0/0 | strat=None
2026-01-18 00:21:51,941 [INFO] AutoTrader | HEARTBEAT | total=83 inplay=11 with_strategy=8
2026-01-18 00:22:59,583 [INFO] AutoTrader | HEARTBEAT | total=83 inplay=11 with_strategy=8
2026-01-18 00:24:06,696 [INFO] AutoTrader | HEARTBEAT | total=83 inplay=11 with_strategy=8
2026-01-18 00:25:14,220 [INFO] AutoTrader | HEARTBEAT | total=83 inplay=11 with_strategy=8
2026-01-18 00:25:26,550 [INFO] AutoTrader | BAND 60' | 60 | Mexican Liga MX | Necaxa v Atlas | 0-1 | RC(H/A)=1/1 | strat=LTD60
2026-01-18 00:26:21,805 [INFO] AutoTrader | HEARTBEAT | total=83 inplay=11 with_strategy=8
2026-01-18 00:26:57,037 [INFO] AutoTrader | BAND 60' | 60 | Mexican Liga Premier | Tapachula Soconusco FC v Deportiva Venados | 2-2 | RC(H/A)=0/0 | strat=None
2026-01-18 00:27:29,598 [INFO] AutoTrader | HEARTBEAT | total=83 inplay=11 with_strategy=8
2026-01-18 00:28:28,795 [INFO] AutoTrader | BAND 60' | 60 | Mexican Liga MX | Guadalajara v Queretaro | 1-0 | RC(H/A)=0/0 | strat=LTD60
2026-01-18 00:28:38,313 [INFO] AutoTrader | HEARTBEAT | total=83 inplay=11 with_strategy=8
2026-01-18 00:29:45,666 [INFO] AutoTrader | HEARTBEAT | total=83 inplay=11 with_strategy=8
2026-01-18 00:30:44,228 [INFO] AutoTrader | BAND 30' | 30 | Costa Rican Primera Division | Puntarenas F.C. v Cs Cartagines | 0-1 | RC(H/A)=0/0 | strat=None
2026-01-18 00:30:53,225 [INFO] AutoTrader | HEARTBEAT | total=83 inplay=11 with_strategy=8
2026-01-18 00:31:05,710 [INFO] AutoTrader | BAND 60' | 60 | Costa Rican Liga de Ascenso | Inter San Carlos v AD Sarchi | 2-2 | RC(H/A)=0/0 | strat=None
2026-01-18 00:31:06,794 [INFO] AutoTrader | KICKOFF | Brazilian Carioca Matches | Volta Redonda v Flamengo | SP(H/D/A)=1.990/3.700/4.200 | fav=1 | strat=None
2026-01-18 00:32:00,415 [INFO] AutoTrader | HEARTBEAT | total=83 inplay=12 with_strategy=8
2026-01-18 00:32:12,478 [INFO] AutoTrader | BAND 75' | 75 | Uruguayan Cup | Nacional (Uru) v Cerro Largo FC | 1-1 | RC(H/A)=0/0 | strat=None
2026-01-18 00:32:57,058 [INFO] AutoTrader | BAND 75' | 75 | Mexican Liga de Ascenso | Tlaxcala F.C v Cancun FC | 0-0 | RC(H/A)=0/0 | strat=None
2026-01-18 00:33:07,907 [INFO] AutoTrader | HEARTBEAT | total=83 inplay=12 with_strategy=8
2026-01-18 00:34:15,145 [INFO] AutoTrader | HEARTBEAT | total=83 inplay=12 with_strategy=8
2026-01-18 00:35:24,091 [INFO] AutoTrader | HEARTBEAT | total=83 inplay=12 with_strategy=8
2026-01-18 00:36:32,103 [INFO] AutoTrader | HEARTBEAT | total=89 inplay=12 with_strategy=11
2026-01-18 00:36:44,275 [INFO] AutoTrader | BAND 75' | 75 | Mexican Liga MX Femenil | CF America (W) v Club Necaxa (W) | 5-0 | RC(H/A)=0/0 | strat=None
2026-01-18 00:37:42,360 [INFO] AutoTrader | HEARTBEAT | total=89 inplay=12 with_strategy=11
2026-01-18 00:38:52,674 [INFO] AutoTrader | HEARTBEAT | total=89 inplay=12 with_strategy=11
2026-01-18 00:40:03,262 [INFO] AutoTrader | HEARTBEAT | total=89 inplay=12 with_strategy=11
2026-01-18 00:40:15,596 [INFO] AutoTrader | BAND 75' | 75 | Mexican Liga MX | Necaxa v Atlas | 0-1 | RC(H/A)=1/1 | strat=LTD60
2026-01-18 00:40:39,899 [INFO] AutoTrader | BAND 60' | 60 | Colombian Primera A | Atletico Nacional Medellin v Boyaca Chico | 2-0 | RC(H/A)=0/0 | strat=None
2026-01-18 00:41:13,784 [INFO] AutoTrader | HEARTBEAT | total=89 inplay=12 with_strategy=11
2026-01-18 00:41:51,563 [INFO] AutoTrader | BAND 75' | 75 | Mexican Liga Premier | Tapachula Soconusco FC v Deportiva Venados | 2-2 | RC(H/A)=0/0 | strat=None
2026-01-18 00:42:25,938 [INFO] AutoTrader | HEARTBEAT | total=89 inplay=12 with_strategy=11
2026-01-18 00:43:02,080 [INFO] AutoTrader | BAND 75' | 75 | Mexican Liga MX | Guadalajara v Queretaro | 2-0 | RC(H/A)=0/0 | strat=LTD60
2026-01-18 00:43:35,864 [INFO] AutoTrader | HEARTBEAT | total=89 inplay=12 with_strategy=11
2026-01-18 00:44:46,080 [INFO] AutoTrader | HEARTBEAT | total=89 inplay=12 with_strategy=11
2026-01-18 00:45:46,558 [INFO] AutoTrader | BAND 45' | 45 | Costa Rican Primera Division | Puntarenas F.C. v Cs Cartagines | 0-1 | RC(H/A)=0/0 | strat=None
2026-01-18 00:45:56,325 [INFO] AutoTrader | HEARTBEAT | total=89 inplay=12 with_strategy=11
2026-01-18 00:46:33,543 [INFO] AutoTrader | BAND 15' | 15 | Brazilian Carioca Matches | Volta Redonda v Flamengo | 0-0 | RC(H/A)=0/1 | strat=None
2026-01-18 00:46:55,299 [INFO] AutoTrader | BAND 90' | 90 | Uruguayan Cup | Nacional (Uru) v Cerro Largo FC | 1-1 | RC(H/A)=0/0 | strat=None
2026-01-18 00:47:06,696 [INFO] AutoTrader | HEARTBEAT | total=89 inplay=12 with_strategy=11
2026-01-18 00:47:42,071 [INFO] AutoTrader | BAND 90' | 90 | Mexican Liga de Ascenso | Tlaxcala F.C v Cancun FC | 1-0 | RC(H/A)=0/0 | strat=None
2026-01-18 00:48:18,396 [INFO] AutoTrader | HEARTBEAT | total=89 inplay=12 with_strategy=11
2026-01-18 00:49:28,022 [INFO] AutoTrader | HEARTBEAT | total=89 inplay=12 with_strategy=11
2026-01-18 00:50:38,053 [INFO] AutoTrader | HEARTBEAT | total=89 inplay=12 with_strategy=11
2026-01-18 00:51:13,704 [INFO] AutoTrader | BAND 90' | 90 | Mexican Liga MX Femenil | CF America (W) v Club Necaxa (W) | 6-0 | RC(H/A)=0/0 | strat=None
2026-01-18 00:51:48,302 [INFO] AutoTrader | HEARTBEAT | total=89 inplay=12 with_strategy=11
2026-01-18 00:52:46,792 [INFO] AutoTrader | FINISH | Mexican Liga de Ascenso | Tlaxcala F.C v Cancun FC | FT=1-0 | result=1 | pnl=None | strat=None | remaining_current=88
2026-01-18 00:52:58,328 [INFO] AutoTrader | HEARTBEAT | total=88 inplay=11 with_strategy=11
2026-01-18 00:53:34,632 [INFO] AutoTrader | BAND 60' | 60 | Brazilian Paulista Serie A1 | SE Palmeiras v Mirassol | 0-0 | RC(H/A)=0/0 | strat=None
2026-01-18 00:54:09,845 [INFO] AutoTrader | HEARTBEAT | total=88 inplay=11 with_strategy=11
2026-01-18 00:55:19,444 [INFO] AutoTrader | HEARTBEAT | total=88 inplay=11 with_strategy=11
2026-01-18 00:55:31,638 [INFO] AutoTrader | BAND 90' | 90 | Mexican Liga MX | Necaxa v Atlas | 0-1 | RC(H/A)=1/1 | strat=LTD60
2026-01-18 00:55:32,303 [INFO] AutoTrader | BAND 75' | 75 | Colombian Primera A | Atletico Nacional Medellin v Boyaca Chico | 2-0 | RC(H/A)=0/0 | strat=None
2026-01-18 00:56:28,754 [INFO] AutoTrader | HEARTBEAT | total=88 inplay=11 with_strategy=11
2026-01-18 00:56:41,327 [INFO] AutoTrader | BAND 90' | 90 | Mexican Liga Premier | Tapachula Soconusco FC v Deportiva Venados | 2-3 | RC(H/A)=0/0 | strat=None
2026-01-18 00:57:27,208 [INFO] AutoTrader | BAND 75' | 75 | Costa Rican Liga de Ascenso | Inter San Carlos v AD Sarchi | 3-2 | RC(H/A)=0/0 | strat=None
2026-01-18 00:57:38,151 [INFO] AutoTrader | HEARTBEAT | total=88 inplay=11 with_strategy=11
2026-01-18 00:58:37,176 [INFO] AutoTrader | BAND 90' | 90 | Mexican Liga MX | Guadalajara v Queretaro | 2-1 | RC(H/A)=0/0 | strat=LTD60
2026-01-18 00:58:47,530 [INFO] AutoTrader | HEARTBEAT | total=88 inplay=11 with_strategy=11
2026-01-18 00:59:56,511 [INFO] AutoTrader | HEARTBEAT | total=88 inplay=11 with_strategy=11
2026-01-18 01:00:08,553 [INFO] AutoTrader | FINISH | Mexican Liga MX Femenil | CF America (W) v Club Necaxa (W) | FT=6-0 | result=1 | pnl=None | strat=None | remaining_current=87
2026-01-18 01:00:56,895 [INFO] AutoTrader | KICKOFF | Mexican Liga de Ascenso | Deportivo Irapuato FC v Universidad Guadalajara | SP(H/D/A)=1.830/3.850/5.000 | fav=1 | strat=None
2026-01-18 01:01:05,840 [INFO] AutoTrader | HEARTBEAT | total=87 inplay=11 with_strategy=11
2026-01-18 01:02:05,433 [INFO] AutoTrader | BAND 30' | 30 | Brazilian Carioca Matches | Volta Redonda v Flamengo | 1-0 | RC(H/A)=0/1 | strat=None
2026-01-18 01:02:05,556 [INFO] AutoTrader | KICKOFF | Salvadoran Primera Division | CD Luis Angel Firpo v CD Municipal Limeno | SP(H/D/A)=1.690/3.700/6.000 | fav=1 | strat=None
2026-01-18 01:02:17,088 [INFO] AutoTrader | HEARTBEAT | total=87 inplay=12 with_strategy=11
2026-01-18 01:02:29,204 [INFO] AutoTrader | FINISH | Mexican Liga MX | Necaxa v Atlas | FT=0-1 | result=1 | pnl=100.0 | strat=LTD60 | remaining_current=86
2026-01-18 01:02:31,331 [INFO] AutoTrader | KICKOFF | Mexican Liga Premier | Racing FC Porto Palmeiras v Neza FC | SP(H/D/A)=1.110/7.800/5.300 | fav=1 | strat=None
2026-01-18 01:02:52,519 [INFO] AutoTrader | FINISH | Mexican Liga MX | Guadalajara v Queretaro | FT=2-1 | result=1 | pnl=100.0 | strat=LTD60 | remaining_current=85
2026-01-18 01:02:54,338 [INFO] AutoTrader | KICKOFF | Guatemalan Primera Division de Ascenso | Deportivo Gomerano v Juventud Copalera | SP(H/D/A)=1.540/4.600/6.400 | fav=1 | strat=None
2026-01-18 01:03:25,739 [INFO] AutoTrader | HEARTBEAT | total=85 inplay=12 with_strategy=9
2026-01-18 01:03:38,617 [INFO] AutoTrader | BAND 15' | 29 | Brazilian Carioca Matches | Volta Redonda v Flamengo | 1-0 | RC(H/A)=0/1 | strat=None
2026-01-18 01:04:33,173 [INFO] AutoTrader | HEARTBEAT | total=85 inplay=12 with_strategy=9
2026-01-18 01:04:45,342 [INFO] AutoTrader | FINISH | Mexican Liga Premier | Tapachula Soconusco FC v Deportiva Venados | FT=2-3 | result=1 | pnl=None | strat=None | remaining_current=84
2026-01-18 01:04:46,073 [INFO] AutoTrader | BAND 30' | 30 | Brazilian Carioca Matches | Volta Redonda v Flamengo | 1-0 | RC(H/A)=0/1 | strat=None
2026-01-18 01:05:30,209 [INFO] AutoTrader | FINISH | Uruguayan Cup | Nacional (Uru) v Cerro Largo FC | FT=1-1 | result=0 | pnl=None | strat=None | remaining_current=83
2026-01-18 01:05:31,634 [INFO] AutoTrader | KICKOFF | Mexican Liga Premier | Celaya v Canoneros Marina | SP(H/D/A)=1.200/8.200/15.500 | fav=1 | strat=None
2026-01-18 01:05:40,666 [INFO] AutoTrader | HEARTBEAT | total=83 inplay=11 with_strategy=9
2026-01-18 01:05:53,605 [INFO] AutoTrader | KICKOFF | Mexican Liga MX | Tigres v Toluca | SP(H/D/A)=2.220/3.550/3.600 | fav=1 | strat=LTD60
2026-01-18 01:06:50,161 [INFO] AutoTrader | HEARTBEAT | total=103 inplay=12 with_strategy=11
2026-01-18 01:08:05,850 [INFO] AutoTrader | HEARTBEAT | total=103 inplay=12 with_strategy=11
2026-01-18 01:08:18,959 [INFO] AutoTrader | KICKOFF | Salvadoran Primera Division | CD Fas v AD Isidro Metapan | SP(H/D/A)=2.180/3.150/4.000 | fav=1 | strat=None
2026-01-18 01:08:43,186 [INFO] AutoTrader | BAND 75' | 75 | Brazilian Paulista Serie A1 | SE Palmeiras v Mirassol | 1-0 | RC(H/A)=0/0 | strat=None
2026-01-18 01:09:21,808 [INFO] AutoTrader | HEARTBEAT | total=103 inplay=13 with_strategy=11
2026-01-18 01:10:37,945 [INFO] AutoTrader | HEARTBEAT | total=103 inplay=13 with_strategy=11
2026-01-18 01:11:16,933 [INFO] AutoTrader | BAND 90' | 90 | Colombian Primera A | Atletico Nacional Medellin v Boyaca Chico | 4-0 | RC(H/A)=0/0 | strat=None
2026-01-18 01:11:55,792 [INFO] AutoTrader | HEARTBEAT | total=103 inplay=13 with_strategy=11
2026-01-18 01:12:58,418 [INFO] AutoTrader | BAND 90' | 90 | Costa Rican Liga de Ascenso | Inter San Carlos v AD Sarchi | 3-3 | RC(H/A)=0/0 | strat=None
2026-01-18 01:13:11,885 [INFO] AutoTrader | HEARTBEAT | total=103 inplay=13 with_strategy=11
2026-01-18 01:14:14,354 [INFO] AutoTrader | FINISH | Colombian Primera A | Atletico Nacional Medellin v Boyaca Chico | FT=4-0 | result=1 | pnl=None | strat=None | remaining_current=102
2026-01-18 01:14:27,737 [INFO] AutoTrader | HEARTBEAT | total=102 inplay=12 with_strategy=11
2026-01-18 01:15:43,746 [INFO] AutoTrader | HEARTBEAT | total=102 inplay=12 with_strategy=11
2026-01-18 01:16:22,104 [INFO] AutoTrader | BAND 15' | 15 | Mexican Liga de Ascenso | Deportivo Irapuato FC v Universidad Guadalajara | 0-1 | RC(H/A)=0/0 | strat=None
2026-01-18 01:16:59,131 [INFO] AutoTrader | HEARTBEAT | total=102 inplay=12 with_strategy=11
2026-01-18 01:17:36,933 [INFO] AutoTrader | BAND 15' | 15 | Salvadoran Primera Division | CD Luis Angel Firpo v CD Municipal Limeno | 1-0 | RC(H/A)=0/0 | strat=None
2026-01-18 01:17:37,691 [INFO] AutoTrader | BAND 15' | 15 | Mexican Liga Premier | Racing FC Porto Palmeiras v Neza FC | 1-1 | RC(H/A)=0/0 | strat=None
2026-01-18 01:17:38,010 [INFO] AutoTrader | KICKOFF | Mexican Liga MX Femenil | Queretaro (W) v Monterrey (W) | SP(H/D/A)=10.000/6.600/1.300 | fav=2 | strat=None
2026-01-18 01:18:14,854 [INFO] AutoTrader | HEARTBEAT | total=102 inplay=13 with_strategy=11
2026-01-18 01:18:53,305 [INFO] AutoTrader | BAND 15' | 15 | Guatemalan Primera Division de Ascenso | Deportivo Gomerano v Juventud Copalera | 0-0 | RC(H/A)=0/0 | strat=None
2026-01-18 01:19:29,905 [INFO] AutoTrader | HEARTBEAT | total=102 inplay=13 with_strategy=11
2026-01-18 01:19:42,331 [INFO] AutoTrader | BAND 45' | 45 | Brazilian Carioca Matches | Volta Redonda v Flamengo | 1-0 | RC(H/A)=0/1 | strat=None
2026-01-18 01:20:45,676 [INFO] AutoTrader | HEARTBEAT | total=102 inplay=13 with_strategy=11
2026-01-18 01:20:58,815 [INFO] AutoTrader | BAND 15' | 15 | Mexican Liga Premier | Celaya v Canoneros Marina | 0-0 | RC(H/A)=0/0 | strat=None
2026-01-18 01:21:25,914 [INFO] AutoTrader | BAND 15' | 15 | Mexican Liga MX | Tigres v Toluca | 0-0 | RC(H/A)=0/0 | strat=LTD60
2026-01-18 01:21:50,148 [INFO] AutoTrader | FINISH | Costa Rican Liga de Ascenso | Inter San Carlos v AD Sarchi | FT=3-3 | result=0 | pnl=None | strat=None | remaining_current=101
2026-01-18 01:21:51,922 [INFO] AutoTrader | BAND 15' | 15 | Mexican Liga MX Femenil | Queretaro (W) v Monterrey (W) | 0-0 | RC(H/A)=0/0 | strat=None
2026-01-18 01:22:03,406 [INFO] AutoTrader | HEARTBEAT | total=101 inplay=12 with_strategy=11
2026-01-18 01:23:05,642 [INFO] AutoTrader | BAND 60' | 60 | Costa Rican Primera Division | Puntarenas F.C. v Cs Cartagines | 0-1 | RC(H/A)=0/0 | strat=None
2026-01-18 01:23:18,375 [INFO] AutoTrader | HEARTBEAT | total=101 inplay=12 with_strategy=11
2026-01-18 01:23:30,189 [INFO] AutoTrader | BAND 90' | 90 | Brazilian Paulista Serie A1 | SE Palmeiras v Mirassol | 1-0 | RC(H/A)=0/0 | strat=None
2026-01-18 01:23:31,058 [INFO] AutoTrader | BAND 15' | 15 | Salvadoran Primera Division | CD Fas v AD Isidro Metapan | 0-0 | RC(H/A)=0/0 | strat=None
2026-01-18 01:24:32,734 [INFO] AutoTrader | HEARTBEAT | total=101 inplay=12 with_strategy=11
2026-01-18 01:25:47,365 [INFO] AutoTrader | HEARTBEAT | total=101 inplay=12 with_strategy=11
2026-01-18 01:27:02,163 [INFO] AutoTrader | HEARTBEAT | total=101 inplay=12 with_strategy=11
2026-01-18 01:28:18,865 [INFO] AutoTrader | HEARTBEAT | total=101 inplay=12 with_strategy=11
2026-01-18 01:28:30,850 [INFO] AutoTrader | FINISH | Brazilian Paulista Serie A1 | SE Palmeiras v Mirassol | FT=1-0 | result=1 | pnl=None | strat=None | remaining_current=100
2026-01-18 01:29:33,963 [INFO] AutoTrader | HEARTBEAT | total=100 inplay=11 with_strategy=11
2026-01-18 01:30:10,394 [INFO] AutoTrader | FINISH | 35155432 | Cruzeiro MG v Uberlandia MG | FT=None | result=1 | pnl=None | strat=None | remaining_current=99
2026-01-18 01:30:12,309 [INFO] AutoTrader | KICKOFF | Panamanian Premier League | Plaza Amador v Sporting San Miguelito | SP(H/D/A)=2.120/3.100/4.400 | fav=1 | strat=None
2026-01-18 01:30:48,604 [INFO] AutoTrader | HEARTBEAT | total=99 inplay=11 with_strategy=11
2026-01-18 01:31:01,484 [INFO] AutoTrader | BAND 30' | 30 | Mexican Liga de Ascenso | Deportivo Irapuato FC v Universidad Guadalajara | 1-1 | RC(H/A)=0/0 | strat=None
2026-01-18 01:32:03,847 [INFO] AutoTrader | HEARTBEAT | total=99 inplay=11 with_strategy=11
2026-01-18 01:32:16,046 [INFO] AutoTrader | BAND 30' | 30 | Salvadoran Primera Division | CD Luis Angel Firpo v CD Municipal Limeno | 1-0 | RC(H/A)=0/0 | strat=None
2026-01-18 01:32:17,290 [INFO] AutoTrader | KICKOFF | Colombian Primera A | Atletico Bucaramanga v Millonarios | SP(H/D/A)=2.160/3.100/4.400 | fav=1 | strat=None
2026-01-18 01:33:06,385 [INFO] AutoTrader | BAND 30' | 30 | Mexican Liga Premier | Racing FC Porto Palmeiras v Neza FC | 2-1 | RC(H/A)=0/0 | strat=None
2026-01-18 01:33:06,512 [INFO] AutoTrader | BAND 30' | 30 | Guatemalan Primera Division de Ascenso | Deportivo Gomerano v Juventud Copalera | 0-0 | RC(H/A)=0/0 | strat=None
2026-01-18 01:33:18,188 [INFO] AutoTrader | HEARTBEAT | total=99 inplay=12 with_strategy=11
2026-01-18 01:34:34,090 [INFO] AutoTrader | HEARTBEAT | total=99 inplay=12 with_strategy=11
2026-01-18 01:35:36,612 [INFO] AutoTrader | BAND 30' | 30 | Mexican Liga Premier | Celaya v Canoneros Marina | 1-0 | RC(H/A)=0/0 | strat=None
2026-01-18 01:35:48,654 [INFO] AutoTrader | HEARTBEAT | total=99 inplay=12 with_strategy=11
2026-01-18 01:36:00,944 [INFO] AutoTrader | BAND 30' | 30 | Mexican Liga MX | Tigres v Toluca | 0-0 | RC(H/A)=0/0 | strat=LTD60
2026-01-18 01:36:51,457 [INFO] AutoTrader | BAND 30' | 30 | Mexican Liga MX Femenil | Queretaro (W) v Monterrey (W) | 0-0 | RC(H/A)=0/0 | strat=None
2026-01-18 01:37:04,427 [INFO] AutoTrader | HEARTBEAT | total=110 inplay=12 with_strategy=11
2026-01-18 01:38:08,740 [INFO] AutoTrader | BAND 75' | 75 | Costa Rican Primera Division | Puntarenas F.C. v Cs Cartagines | 0-1 | RC(H/A)=0/0 | strat=None
2026-01-18 01:38:09,362 [INFO] AutoTrader | BAND 30' | 30 | Salvadoran Primera Division | CD Fas v AD Isidro Metapan | 0-0 | RC(H/A)=0/0 | strat=None
2026-01-18 01:38:22,981 [INFO] AutoTrader | HEARTBEAT | total=110 inplay=12 with_strategy=11
2026-01-18 01:39:41,290 [INFO] AutoTrader | HEARTBEAT | total=110 inplay=12 with_strategy=11
2026-01-18 01:41:01,972 [INFO] AutoTrader | HEARTBEAT | total=110 inplay=12 with_strategy=11
2026-01-18 01:42:20,387 [INFO] AutoTrader | HEARTBEAT | total=110 inplay=12 with_strategy=11
2026-01-18 01:43:38,471 [INFO] AutoTrader | HEARTBEAT | total=110 inplay=12 with_strategy=11
2026-01-18 01:44:56,710 [INFO] AutoTrader | HEARTBEAT | total=110 inplay=12 with_strategy=11
2026-01-18 01:46:01,721 [INFO] AutoTrader | BAND 45' | 45 | Mexican Liga de Ascenso | Deportivo Irapuato FC v Universidad Guadalajara | 1-1 | RC(H/A)=0/0 | strat=None
2026-01-18 01:46:02,416 [INFO] AutoTrader | BAND 15' | 15 | Panamanian Premier League | Plaza Amador v Sporting San Miguelito | 0-0 | RC(H/A)=0/0 | strat=None
2026-01-18 01:46:14,978 [INFO] AutoTrader | HEARTBEAT | total=110 inplay=12 with_strategy=11
2026-01-18 01:47:20,766 [INFO] AutoTrader | BAND 45' | 45 | Salvadoran Primera Division | CD Luis Angel Firpo v CD Municipal Limeno | 1-0 | RC(H/A)=0/0 | strat=None
2026-01-18 01:47:34,835 [INFO] AutoTrader | HEARTBEAT | total=110 inplay=12 with_strategy=11
2026-01-18 01:47:47,847 [INFO] AutoTrader | BAND 45' | 45 | Mexican Liga Premier | Racing FC Porto Palmeiras v Neza FC | 2-1 | RC(H/A)=0/0 | strat=None
2026-01-18 01:48:13,939 [INFO] AutoTrader | BAND 45' | 45 | Guatemalan Primera Division de Ascenso | Deportivo Gomerano v Juventud Copalera | 0-0 | RC(H/A)=0/1 | strat=None
2026-01-18 01:48:14,210 [INFO] AutoTrader | BAND 15' | 15 | Colombian Primera A | Atletico Bucaramanga v Millonarios | 0-0 | RC(H/A)=0/0 | strat=None
2026-01-18 01:48:53,594 [INFO] AutoTrader | HEARTBEAT | total=110 inplay=12 with_strategy=11
2026-01-18 01:50:12,083 [INFO] AutoTrader | HEARTBEAT | total=110 inplay=12 with_strategy=11
2026-01-18 01:50:50,579 [INFO] AutoTrader | BAND 45' | 45 | Mexican Liga MX | Tigres v Toluca | 0-0 | RC(H/A)=0/0 | strat=LTD60
2026-01-18 01:50:50,929 [INFO] AutoTrader | BAND 45' | 45 | Mexican Liga Premier | Celaya v Canoneros Marina | 2-0 | RC(H/A)=0/0 | strat=None
2026-01-18 01:51:30,628 [INFO] AutoTrader | HEARTBEAT | total=110 inplay=12 with_strategy=11
2026-01-18 01:51:43,957 [INFO] AutoTrader | BAND 45' | 45 | Mexican Liga MX Femenil | Queretaro (W) v Monterrey (W) | 0-1 | RC(H/A)=0/0 | strat=None
2026-01-18 01:52:35,949 [INFO] AutoTrader | BAND 45' | 45 | Salvadoran Primera Division | CD Fas v AD Isidro Metapan | 1-1 | RC(H/A)=0/0 | strat=None
2026-01-18 01:52:49,455 [INFO] AutoTrader | HEARTBEAT | total=110 inplay=12 with_strategy=11
2026-01-18 01:53:01,349 [INFO] AutoTrader | BAND 90' | 90 | Costa Rican Primera Division | Puntarenas F.C. v Cs Cartagines | 0-1 | RC(H/A)=0/0 | strat=None
2026-01-18 01:54:08,097 [INFO] AutoTrader | HEARTBEAT | total=110 inplay=12 with_strategy=11
2026-01-18 01:55:28,250 [INFO] AutoTrader | HEARTBEAT | total=110 inplay=12 with_strategy=11
2026-01-18 01:56:46,095 [INFO] AutoTrader | HEARTBEAT | total=110 inplay=12 with_strategy=11
2026-01-18 01:57:50,174 [INFO] AutoTrader | BAND 60' | 60 | Brazilian Carioca Matches | Volta Redonda v Flamengo | 2-0 | RC(H/A)=0/1 | strat=None
2026-01-18 01:58:04,323 [INFO] AutoTrader | HEARTBEAT | total=110 inplay=12 with_strategy=11
2026-01-18 01:59:22,375 [INFO] AutoTrader | HEARTBEAT | total=110 inplay=12 with_strategy=11
2026-01-18 02:00:28,312 [INFO] AutoTrader | BAND 30' | 30 | Panamanian Premier League | Plaza Amador v Sporting San Miguelito | 0-1 | RC(H/A)=0/0 | strat=None
2026-01-18 02:00:40,931 [INFO] AutoTrader | HEARTBEAT | total=110 inplay=12 with_strategy=11
2026-01-18 02:01:20,822 [INFO] AutoTrader | KICKOFF | Guatemalan Primera Division de Ascenso | Quiche FC v Deportivo San Pedro | SP(H/D/A)=1.960/2.900/4.700 | fav=1 | strat=None
2026-01-18 02:02:01,438 [INFO] AutoTrader | HEARTBEAT | total=110 inplay=13 with_strategy=11
2026-01-18 02:02:14,881 [INFO] AutoTrader | BAND 30' | 30 | Colombian Primera A | Atletico Bucaramanga v Millonarios | 0-0 | RC(H/A)=0/0 | strat=None
2026-01-18 02:02:41,289 [INFO] AutoTrader | KICKOFF | Costa Rican Primera Division | CS Herediano v Deportivo Saprissa | SP(H/D/A)=2.280/3.350/3.500 | fav=1 | strat=None
2026-01-18 02:03:19,790 [INFO] AutoTrader | HEARTBEAT | total=110 inplay=14 with_strategy=11
2026-01-18 02:03:31,712 [INFO] AutoTrader | FINISH | Costa Rican Primera Division | Puntarenas F.C. v Cs Cartagines | FT=0-2 | result=1 | pnl=None | strat=None | remaining_current=109
2026-01-18 02:04:38,368 [INFO] AutoTrader | HEARTBEAT | total=109 inplay=13 with_strategy=11
2026-01-18 02:05:56,491 [INFO] AutoTrader | HEARTBEAT | total=109 inplay=13 with_strategy=11
2026-01-18 02:07:16,152 [INFO] AutoTrader | HEARTBEAT | total=118 inplay=13 with_strategy=13
2026-01-18 02:08:38,354 [INFO] AutoTrader | HEARTBEAT | total=118 inplay=13 with_strategy=13
2026-01-18 02:08:50,506 [INFO] AutoTrader | BAND 60' | 62 | Mexican Liga MX | Tigres v Toluca | 0-0 | RC(H/A)=0/0 | strat=LTD60
2026-01-18 02:10:00,295 [INFO] AutoTrader | HEARTBEAT | total=118 inplay=13 with_strategy=13
2026-01-18 02:11:24,376 [INFO] AutoTrader | HEARTBEAT | total=118 inplay=13 with_strategy=13
2026-01-18 02:12:03,732 [INFO] AutoTrader | BAND 45' | 45 | Mexican Liga MX | Tigres v Toluca | 0-0 | RC(H/A)=0/0 | strat=LTD60
2026-01-18 02:12:46,279 [INFO] AutoTrader | HEARTBEAT | total=118 inplay=13 with_strategy=13
2026-01-18 02:12:58,249 [INFO] AutoTrader | BAND 75' | 75 | Brazilian Carioca Matches | Volta Redonda v Flamengo | 2-0 | RC(H/A)=0/1 | strat=None
2026-01-18 02:14:08,595 [INFO] AutoTrader | HEARTBEAT | total=118 inplay=13 with_strategy=13
2026-01-18 02:14:20,505 [INFO] AutoTrader | BAND 60' | 73 | Brazilian Carioca Matches | Volta Redonda v Flamengo | 2-0 | RC(H/A)=0/1 | strat=None
2026-01-18 02:15:30,412 [INFO] AutoTrader | HEARTBEAT | total=118 inplay=13 with_strategy=13
2026-01-18 02:15:43,746 [INFO] AutoTrader | BAND 45' | 45 | Panamanian Premier League | Plaza Amador v Sporting San Miguelito | 0-2 | RC(H/A)=0/0 | strat=None
2026-01-18 02:16:36,651 [INFO] AutoTrader | BAND 75' | 75 | Brazilian Carioca Matches | Volta Redonda v Flamengo | 2-0 | RC(H/A)=0/1 | strat=None
2026-01-18 02:16:38,312 [INFO] AutoTrader | BAND 15' | 15 | Guatemalan Primera Division de Ascenso | Quiche FC v Deportivo San Pedro | 0-0 | RC(H/A)=0/0 | strat=None
2026-01-18 02:16:51,964 [INFO] AutoTrader | HEARTBEAT | total=118 inplay=13 with_strategy=13
2026-01-18 02:17:05,145 [INFO] AutoTrader | BAND 45' | 45 | Colombian Primera A | Atletico Bucaramanga v Millonarios | 0-1 | RC(H/A)=0/0 | strat=None
2026-01-18 02:18:00,030 [INFO] AutoTrader | BAND 15' | 15 | Costa Rican Primera Division | CS Herediano v Deportivo Saprissa | 0-0 | RC(H/A)=0/0 | strat=None
2026-01-18 02:18:15,720 [INFO] AutoTrader | HEARTBEAT | total=118 inplay=13 with_strategy=13
2026-01-18 02:18:27,656 [INFO] AutoTrader | BAND 60' | 60 | Salvadoran Primera Division | CD Luis Angel Firpo v CD Municipal Limeno | 1-0 | RC(H/A)=0/0 | strat=None
2026-01-18 02:19:37,376 [INFO] AutoTrader | HEARTBEAT | total=118 inplay=13 with_strategy=13
2026-01-18 02:20:59,172 [INFO] AutoTrader | HEARTBEAT | total=118 inplay=13 with_strategy=13
2026-01-18 02:22:06,490 [INFO] AutoTrader | BAND 60' | 60 | Mexican Liga Premier | Racing FC Porto Palmeiras v Neza FC | 2-1 | RC(H/A)=0/0 | strat=None
2026-01-18 02:22:20,911 [INFO] AutoTrader | HEARTBEAT | total=118 inplay=13 with_strategy=13
2026-01-18 02:23:01,118 [INFO] AutoTrader | BAND 60' | 60 | Mexican Liga de Ascenso | Deportivo Irapuato FC v Universidad Guadalajara | 3-1 | RC(H/A)=0/0 | strat=None
2026-01-18 02:23:43,363 [INFO] AutoTrader | HEARTBEAT | total=118 inplay=13 with_strategy=13
2026-01-18 02:23:56,259 [INFO] AutoTrader | BAND 60' | 60 | Guatemalan Primera Division de Ascenso | Deportivo Gomerano v Juventud Copalera | 1-0 | RC(H/A)=0/1 | strat=None
2026-01-18 02:24:51,731 [INFO] AutoTrader | BAND 60' | 60 | Mexican Liga MX Femenil | Queretaro (W) v Monterrey (W) | 0-1 | RC(H/A)=0/0 | strat=None
2026-01-18 02:25:05,840 [INFO] AutoTrader | HEARTBEAT | total=118 inplay=13 with_strategy=13
2026-01-18 02:25:45,432 [INFO] AutoTrader | BAND 60' | 60 | Salvadoran Primera Division | CD Fas v AD Isidro Metapan | 1-1 | RC(H/A)=0/0 | strat=None
2026-01-18 02:26:29,120 [INFO] AutoTrader | HEARTBEAT | total=118 inplay=13 with_strategy=13
2026-01-18 02:27:08,536 [INFO] AutoTrader | BAND 60' | 60 | Mexican Liga MX | Tigres v Toluca | 0-0 | RC(H/A)=0/0 | strat=LTD60
2026-01-18 02:27:50,966 [INFO] AutoTrader | HEARTBEAT | total=118 inplay=13 with_strategy=13
2026-01-18 02:29:12,839 [INFO] AutoTrader | HEARTBEAT | total=118 inplay=13 with_strategy=13
2026-01-18 02:29:25,405 [INFO] AutoTrader | BAND 60' | 60 | Mexican Liga Premier | Celaya v Canoneros Marina | 3-0 | RC(H/A)=0/0 | strat=None
2026-01-18 02:30:34,817 [INFO] AutoTrader | HEARTBEAT | total=118 inplay=13 with_strategy=13
2026-01-18 02:31:41,154 [INFO] AutoTrader | BAND 90' | 90 | Brazilian Carioca Matches | Volta Redonda v Flamengo | 3-0 | RC(H/A)=0/1 | strat=None
2026-01-18 02:31:42,783 [INFO] AutoTrader | BAND 30' | 30 | Guatemalan Primera Division de Ascenso | Quiche FC v Deportivo San Pedro | 0-0 | RC(H/A)=0/0 | strat=None
2026-01-18 02:31:56,574 [INFO] AutoTrader | HEARTBEAT | total=118 inplay=13 with_strategy=13
2026-01-18 02:33:20,692 [INFO] AutoTrader | HEARTBEAT | total=118 inplay=13 with_strategy=13
2026-01-18 02:33:59,948 [INFO] AutoTrader | BAND 75' | 75 | Salvadoran Primera Division | CD Luis Angel Firpo v CD Municipal Limeno | 1-0 | RC(H/A)=0/0 | strat=None
2026-01-18 02:34:01,693 [INFO] AutoTrader | BAND 30' | 30 | Costa Rican Primera Division | CS Herediano v Deportivo Saprissa | 0-0 | RC(H/A)=0/0 | strat=None
2026-01-18 02:34:42,355 [INFO] AutoTrader | HEARTBEAT | total=118 inplay=13 with_strategy=13
2026-01-18 02:35:21,393 [INFO] AutoTrader | FINISH | Brazilian Carioca Matches | Volta Redonda v Flamengo | FT=3-0 | result=1 | pnl=None | strat=None | remaining_current=117
2026-01-18 02:36:04,319 [INFO] AutoTrader | HEARTBEAT | total=117 inplay=12 with_strategy=13
2026-01-18 02:37:10,836 [INFO] AutoTrader | BAND 75' | 75 | Mexican Liga Premier | Racing FC Porto Palmeiras v Neza FC | 2-1 | RC(H/A)=0/0 | strat=None
2026-01-18 02:37:25,421 [INFO] AutoTrader | HEARTBEAT | total=117 inplay=12 with_strategy=13
2026-01-18 02:38:32,657 [INFO] AutoTrader | BAND 75' | 75 | Mexican Liga de Ascenso | Deportivo Irapuato FC v Universidad Guadalajara | 3-1 | RC(H/A)=0/0 | strat=None
2026-01-18 02:38:47,395 [INFO] AutoTrader | HEARTBEAT | total=119 inplay=12 with_strategy=13
2026-01-18 02:39:00,145 [INFO] AutoTrader | BAND 75' | 75 | Guatemalan Primera Division de Ascenso | Deportivo Gomerano v Juventud Copalera | 1-0 | RC(H/A)=0/1 | strat=None
2026-01-18 02:39:54,648 [INFO] AutoTrader | BAND 75' | 75 | Mexican Liga MX Femenil | Queretaro (W) v Monterrey (W) | 0-1 | RC(H/A)=0/0 | strat=None
2026-01-18 02:40:08,997 [INFO] AutoTrader | HEARTBEAT | total=119 inplay=12 with_strategy=13
2026-01-18 02:40:48,387 [INFO] AutoTrader | BAND 75' | 75 | Salvadoran Primera Division | CD Fas v AD Isidro Metapan | 1-1 | RC(H/A)=0/0 | strat=None
2026-01-18 02:41:32,729 [INFO] AutoTrader | HEARTBEAT | total=119 inplay=12 with_strategy=13
2026-01-18 02:42:39,236 [INFO] AutoTrader | BAND 75' | 75 | Mexican Liga MX | Tigres v Toluca | 0-0 | RC(H/A)=0/0 | strat=LTD60
2026-01-18 02:42:54,622 [INFO] AutoTrader | HEARTBEAT | total=119 inplay=12 with_strategy=13
2026-01-18 02:44:01,863 [INFO] AutoTrader | BAND 75' | 75 | Mexican Liga Premier | Celaya v Canoneros Marina | 3-0 | RC(H/A)=0/0 | strat=None
2026-01-18 02:44:16,884 [INFO] AutoTrader | HEARTBEAT | total=119 inplay=12 with_strategy=13
2026-01-18 02:45:39,605 [INFO] AutoTrader | HEARTBEAT | total=119 inplay=12 with_strategy=13
2026-01-18 02:46:20,152 [INFO] AutoTrader | BAND 45' | 45 | Guatemalan Primera Division de Ascenso | Quiche FC v Deportivo San Pedro | 0-0 | RC(H/A)=0/0 | strat=None
2026-01-18 02:47:01,576 [INFO] AutoTrader | HEARTBEAT | total=119 inplay=12 with_strategy=13
2026-01-18 02:48:23,961 [INFO] AutoTrader | HEARTBEAT | total=119 inplay=12 with_strategy=13
2026-01-18 02:48:35,811 [INFO] AutoTrader | BAND 90' | 90 | Salvadoran Primera Division | CD Luis Angel Firpo v CD Municipal Limeno | 1-0 | RC(H/A)=0/0 | strat=None
2026-01-18 02:48:37,077 [INFO] AutoTrader | BAND 60' | 60 | Panamanian Premier League | Plaza Amador v Sporting San Miguelito | 0-2 | RC(H/A)=0/0 | strat=None
2026-01-18 02:48:37,332 [INFO] AutoTrader | BAND 45' | 45 | Costa Rican Primera Division | CS Herediano v Deportivo Saprissa | 0-0 | RC(H/A)=0/0 | strat=None
2026-01-18 02:49:48,278 [INFO] AutoTrader | HEARTBEAT | total=119 inplay=12 with_strategy=13
2026-01-18 02:51:09,996 [INFO] AutoTrader | HEARTBEAT | total=119 inplay=12 with_strategy=13
2026-01-18 02:51:50,106 [INFO] AutoTrader | BAND 90' | 90 | Mexican Liga Premier | Racing FC Porto Palmeiras v Neza FC | 2-1 | RC(H/A)=0/0 | strat=None
2026-01-18 02:52:32,426 [INFO] AutoTrader | HEARTBEAT | total=119 inplay=12 with_strategy=13
2026-01-18 02:52:44,317 [INFO] AutoTrader | FINISH | Salvadoran Primera Division | CD Luis Angel Firpo v CD Municipal Limeno | FT=2-0 | result=1 | pnl=None | strat=None | remaining_current=118
2026-01-18 02:53:12,000 [INFO] AutoTrader | BAND 90' | 90 | Mexican Liga de Ascenso | Deportivo Irapuato FC v Universidad Guadalajara | 4-1 | RC(H/A)=0/0 | strat=None
2026-01-18 02:53:54,130 [INFO] AutoTrader | HEARTBEAT | total=118 inplay=11 with_strategy=13
2026-01-18 02:54:06,866 [INFO] AutoTrader | BAND 90' | 90 | Guatemalan Primera Division de Ascenso | Deportivo Gomerano v Juventud Copalera | 1-0 | RC(H/A)=0/1 | strat=None
2026-01-18 02:55:01,645 [INFO] AutoTrader | BAND 90' | 90 | Mexican Liga MX Femenil | Queretaro (W) v Monterrey (W) | 0-1 | RC(H/A)=0/0 | strat=None
2026-01-18 02:55:16,147 [INFO] AutoTrader | HEARTBEAT | total=118 inplay=11 with_strategy=13
2026-01-18 02:55:56,710 [INFO] AutoTrader | BAND 90' | 90 | Salvadoran Primera Division | CD Fas v AD Isidro Metapan | 1-2 | RC(H/A)=0/0 | strat=None
2026-01-18 02:56:38,732 [INFO] AutoTrader | HEARTBEAT | total=118 inplay=11 with_strategy=13
2026-01-18 02:56:51,217 [INFO] AutoTrader | FINISH | Mexican Liga Premier | Racing FC Porto Palmeiras v Neza FC | FT=2-1 | result=1 | pnl=None | strat=None | remaining_current=117
2026-01-18 02:56:51,616 [INFO] AutoTrader | BAND 60' | 61 | Colombian Primera A | Atletico Bucaramanga v Millonarios | 1-1 | RC(H/A)=0/0 | strat=None
2026-01-18 02:57:17,602 [INFO] AutoTrader | BAND 90' | 90 | Mexican Liga MX | Tigres v Toluca | 0-0 | RC(H/A)=1/0 | strat=LTD60
2026-01-18 02:57:18,216 [INFO] AutoTrader | FINISH | Guatemalan Primera Division de Ascenso | Deportivo Gomerano v Juventud Copalera | FT=1-0 | result=1 | pnl=None | strat=None | remaining_current=116
2026-01-18 02:57:59,627 [INFO] AutoTrader | HEARTBEAT | total=116 inplay=9 with_strategy=13
2026-01-18 02:58:38,860 [INFO] AutoTrader | BAND 90' | 90 | Mexican Liga Premier | Celaya v Canoneros Marina | 3-0 | RC(H/A)=0/0 | strat=None
2026-01-18 02:59:07,561 [INFO] AutoTrader | FINISH | Mexican Liga Premier | Celaya v Canoneros Marina | FT=3-0 | result=1 | pnl=None | strat=None | remaining_current=115
2026-01-18 02:59:07,687 [INFO] AutoTrader | FINISH | Mexican Liga de Ascenso | Deportivo Irapuato FC v Universidad Guadalajara | FT=4-1 | result=1 | pnl=None | strat=None | remaining_current=114
2026-01-18 02:59:22,336 [INFO] AutoTrader | HEARTBEAT | total=114 inplay=7 with_strategy=13
2026-01-18 03:00:29,896 [INFO] AutoTrader | FINISH | Mexican Liga MX Femenil | Queretaro (W) v Monterrey (W) | FT=0-1 | result=1 | pnl=None | strat=None | remaining_current=113
2026-01-18 03:00:44,588 [INFO] AutoTrader | HEARTBEAT | total=113 inplay=6 with_strategy=13
2026-01-18 03:01:50,017 [INFO] AutoTrader | FINISH | Salvadoran Primera Division | CD Fas v AD Isidro Metapan | FT=2-2 | result=0 | pnl=None | strat=None | remaining_current=112
2026-01-18 03:02:04,291 [INFO] AutoTrader | HEARTBEAT | total=112 inplay=5 with_strategy=13
2026-01-18 03:03:23,438 [INFO] AutoTrader | HEARTBEAT | total=112 inplay=5 with_strategy=13
2026-01-18 03:03:35,323 [INFO] AutoTrader | FINISH | Mexican Liga MX | Tigres v Toluca | FT=0-0 | result=0 | pnl=-265.0 | strat=LTD60 | remaining_current=111
2026-01-18 03:03:35,640 [INFO] AutoTrader | BAND 75' | 75 | Panamanian Premier League | Plaza Amador v Sporting San Miguelito | 0-2 | RC(H/A)=0/0 | strat=None
2026-01-18 03:04:42,514 [INFO] AutoTrader | HEARTBEAT | total=111 inplay=4 with_strategy=12
2026-01-18 03:06:01,114 [INFO] AutoTrader | HEARTBEAT | total=111 inplay=4 with_strategy=12
2026-01-18 03:06:13,636 [INFO] AutoTrader | KICKOFF | Mexican Liga MX | Cruz Azul v Puebla | SP(H/D/A)=1.590/4.600/6.000 | fav=1 | strat=LTD60
2026-01-18 03:07:19,577 [INFO] AutoTrader | HEARTBEAT | total=111 inplay=5 with_strategy=12
2026-01-18 03:07:58,327 [INFO] AutoTrader | KICKOFF | Mexican Liga MX | Tijuana v Atletico San Luis | SP(H/D/A)=2.000/3.800/4.000 | fav=1 | strat=LTD60
2026-01-18 03:08:40,134 [INFO] AutoTrader | HEARTBEAT | total=120 inplay=6 with_strategy=14
2026-01-18 03:10:04,848 [INFO] AutoTrader | HEARTBEAT | total=120 inplay=6 with_strategy=14
2026-01-18 03:10:44,396 [INFO] AutoTrader | BAND 75' | 75 | Colombian Primera A | Atletico Bucaramanga v Millonarios | 2-1 | RC(H/A)=0/0 | strat=None
2026-01-18 03:11:28,921 [INFO] AutoTrader | HEARTBEAT | total=120 inplay=6 with_strategy=14
2026-01-18 03:12:51,636 [INFO] AutoTrader | HEARTBEAT | total=120 inplay=6 with_strategy=14
2026-01-18 03:14:13,816 [INFO] AutoTrader | HEARTBEAT | total=120 inplay=6 with_strategy=14
2026-01-18 03:15:36,105 [INFO] AutoTrader | HEARTBEAT | total=120 inplay=6 with_strategy=14
2026-01-18 03:16:59,147 [INFO] AutoTrader | HEARTBEAT | total=120 inplay=6 with_strategy=14
2026-01-18 03:18:22,074 [INFO] AutoTrader | HEARTBEAT | total=120 inplay=6 with_strategy=14
2026-01-18 03:18:34,123 [INFO] AutoTrader | BAND 90' | 90 | Panamanian Premier League | Plaza Amador v Sporting San Miguelito | 0-3 | RC(H/A)=0/0 | strat=None
2026-01-18 03:19:44,963 [INFO] AutoTrader | HEARTBEAT | total=120 inplay=6 with_strategy=14
2026-01-18 03:21:08,260 [INFO] AutoTrader | HEARTBEAT | total=120 inplay=6 with_strategy=14
2026-01-18 03:22:19,625 [INFO] AutoTrader | BAND 15' | 16 | Mexican Liga MX | Cruz Azul v Puebla | 0-0 | RC(H/A)=0/1 | strat=LTD60
2026-01-18 03:22:34,620 [INFO] AutoTrader | HEARTBEAT | total=120 inplay=6 with_strategy=14
2026-01-18 03:22:46,595 [INFO] AutoTrader | FINISH | Panamanian Premier League | Plaza Amador v Sporting San Miguelito | FT=0-3 | result=1 | pnl=None | strat=None | remaining_current=119
2026-01-18 03:22:46,719 [INFO] AutoTrader | BAND 60' | 60 | Guatemalan Primera Division de Ascenso | Quiche FC v Deportivo San Pedro | 0-1 | RC(H/A)=0/0 | strat=None
2026-01-18 03:23:42,034 [INFO] AutoTrader | BAND 15' | 15 | Mexican Liga MX | Tijuana v Atletico San Luis | 0-0 | RC(H/A)=0/0 | strat=LTD60
2026-01-18 03:23:56,727 [INFO] AutoTrader | HEARTBEAT | total=119 inplay=5 with_strategy=14
2026-01-18 03:24:36,119 [INFO] AutoTrader | BAND 60' | 60 | Costa Rican Primera Division | CS Herediano v Deportivo Saprissa | 0-0 | RC(H/A)=0/0 | strat=None
2026-01-18 03:25:18,803 [INFO] AutoTrader | HEARTBEAT | total=119 inplay=5 with_strategy=14
2026-01-18 03:25:57,913 [INFO] AutoTrader | BAND 90' | 90 | Colombian Primera A | Atletico Bucaramanga v Millonarios | 2-1 | RC(H/A)=0/0 | strat=None
2026-01-18 03:26:40,676 [INFO] AutoTrader | HEARTBEAT | total=119 inplay=5 with_strategy=14
2026-01-18 03:28:02,605 [INFO] AutoTrader | HEARTBEAT | total=119 inplay=5 with_strategy=14
2026-01-18 03:29:26,271 [INFO] AutoTrader | HEARTBEAT | total=119 inplay=5 with_strategy=14
2026-01-18 03:30:48,504 [INFO] AutoTrader | HEARTBEAT | total=119 inplay=5 with_strategy=14
2026-01-18 03:32:11,412 [INFO] AutoTrader | HEARTBEAT | total=119 inplay=5 with_strategy=14
2026-01-18 03:33:34,145 [INFO] AutoTrader | HEARTBEAT | total=119 inplay=5 with_strategy=14
2026-01-18 03:33:46,044 [INFO] AutoTrader | FINISH | Colombian Primera A | Atletico Bucaramanga v Millonarios | FT=2-1 | result=1 | pnl=None | strat=None | remaining_current=118
2026-01-18 03:34:58,117 [INFO] AutoTrader | HEARTBEAT | total=118 inplay=4 with_strategy=14
2026-01-18 03:36:19,798 [INFO] AutoTrader | HEARTBEAT | total=118 inplay=4 with_strategy=14
2026-01-18 03:36:32,005 [INFO] AutoTrader | BAND 30' | 30 | Mexican Liga MX | Cruz Azul v Puebla | 0-0 | RC(H/A)=0/1 | strat=LTD60
2026-01-18 03:37:25,396 [INFO] AutoTrader | BAND 75' | 75 | Guatemalan Primera Division de Ascenso | Quiche FC v Deportivo San Pedro | 0-1 | RC(H/A)=1/1 | strat=None
2026-01-18 03:37:40,706 [INFO] AutoTrader | HEARTBEAT | total=118 inplay=4 with_strategy=14
2026-01-18 03:37:53,320 [INFO] AutoTrader | BAND 30' | 30 | Mexican Liga MX | Tijuana v Atletico San Luis | 1-0 | RC(H/A)=0/0 | strat=LTD60
2026-01-18 03:38:48,065 [INFO] AutoTrader | BAND 75' | 75 | Costa Rican Primera Division | CS Herediano v Deportivo Saprissa | 1-0 | RC(H/A)=0/0 | strat=None
2026-01-18 03:39:04,544 [INFO] AutoTrader | HEARTBEAT | total=126 inplay=4 with_strategy=17
2026-01-18 03:40:30,221 [INFO] AutoTrader | HEARTBEAT | total=126 inplay=4 with_strategy=17
2026-01-18 03:41:55,752 [INFO] AutoTrader | HEARTBEAT | total=126 inplay=4 with_strategy=17
2026-01-18 03:43:23,434 [INFO] AutoTrader | HEARTBEAT | total=126 inplay=4 with_strategy=17
2026-01-18 03:44:49,304 [INFO] AutoTrader | HEARTBEAT | total=126 inplay=4 with_strategy=17
2026-01-18 03:46:15,290 [INFO] AutoTrader | HEARTBEAT | total=126 inplay=4 with_strategy=17
2026-01-18 03:47:41,401 [INFO] AutoTrader | HEARTBEAT | total=126 inplay=4 with_strategy=17
2026-01-18 03:49:06,712 [INFO] AutoTrader | HEARTBEAT | total=126 inplay=4 with_strategy=17
2026-01-18 03:50:32,988 [INFO] AutoTrader | HEARTBEAT | total=126 inplay=4 with_strategy=17
2026-01-18 03:51:44,079 [INFO] AutoTrader | BAND 45' | 45 | Mexican Liga MX | Cruz Azul v Puebla | 0-0 | RC(H/A)=0/1 | strat=LTD60
2026-01-18 03:52:00,194 [INFO] AutoTrader | HEARTBEAT | total=126 inplay=4 with_strategy=17
2026-01-18 03:52:40,566 [INFO] AutoTrader | BAND 90' | 90 | Guatemalan Primera Division de Ascenso | Quiche FC v Deportivo San Pedro | 0-1 | RC(H/A)=1/1 | strat=None
2026-01-18 03:53:09,427 [INFO] AutoTrader | BAND 45' | 45 | Mexican Liga MX | Tijuana v Atletico San Luis | 1-0 | RC(H/A)=0/0 | strat=LTD60
2026-01-18 03:53:25,251 [INFO] AutoTrader | HEARTBEAT | total=126 inplay=4 with_strategy=17
2026-01-18 03:54:05,721 [INFO] AutoTrader | BAND 90' | 90 | Costa Rican Primera Division | CS Herediano v Deportivo Saprissa | 2-0 | RC(H/A)=0/0 | strat=None
2026-01-18 03:54:50,935 [INFO] AutoTrader | HEARTBEAT | total=126 inplay=4 with_strategy=17
2026-01-18 03:56:16,319 [INFO] AutoTrader | HEARTBEAT | total=126 inplay=4 with_strategy=17
2026-01-18 03:57:24,925 [INFO] AutoTrader | FINISH | Guatemalan Primera Division de Ascenso | Quiche FC v Deportivo San Pedro | FT=0-1 | result=1 | pnl=None | strat=None | remaining_current=125
2026-01-18 03:57:41,363 [INFO] AutoTrader | HEARTBEAT | total=125 inplay=3 with_strategy=17
2026-01-18 03:59:07,832 [INFO] AutoTrader | HEARTBEAT | total=125 inplay=3 with_strategy=17
2026-01-18 03:59:48,203 [INFO] AutoTrader | FINISH | Costa Rican Primera Division | CS Herediano v Deportivo Saprissa | FT=2-0 | result=1 | pnl=None | strat=None | remaining_current=124
2026-01-18 04:00:33,330 [INFO] AutoTrader | HEARTBEAT | total=124 inplay=2 with_strategy=17
2026-01-18 04:01:58,490 [INFO] AutoTrader | HEARTBEAT | total=124 inplay=2 with_strategy=17
2026-01-18 04:03:23,019 [INFO] AutoTrader | HEARTBEAT | total=124 inplay=2 with_strategy=17
2026-01-18 04:04:47,200 [INFO] AutoTrader | HEARTBEAT | total=124 inplay=2 with_strategy=17
2026-01-18 04:06:13,561 [INFO] AutoTrader | HEARTBEAT | total=124 inplay=2 with_strategy=17
2026-01-18 04:07:38,110 [INFO] AutoTrader | HEARTBEAT | total=124 inplay=2 with_strategy=17
2026-01-18 04:09:03,804 [INFO] AutoTrader | HEARTBEAT | total=132 inplay=2 with_strategy=18
2026-01-18 04:10:32,065 [INFO] AutoTrader | HEARTBEAT | total=132 inplay=2 with_strategy=18
2026-01-18 04:12:02,003 [INFO] AutoTrader | HEARTBEAT | total=132 inplay=2 with_strategy=18
2026-01-18 04:13:30,465 [INFO] AutoTrader | HEARTBEAT | total=132 inplay=2 with_strategy=18
2026-01-18 04:14:59,164 [INFO] AutoTrader | HEARTBEAT | total=132 inplay=2 with_strategy=18
2026-01-18 04:16:27,654 [INFO] AutoTrader | HEARTBEAT | total=132 inplay=2 with_strategy=18
2026-01-18 04:17:55,508 [INFO] AutoTrader | HEARTBEAT | total=132 inplay=2 with_strategy=18
2026-01-18 04:19:24,234 [INFO] AutoTrader | HEARTBEAT | total=132 inplay=2 with_strategy=18
2026-01-18 04:20:52,055 [INFO] AutoTrader | HEARTBEAT | total=132 inplay=2 with_strategy=18
2026-01-18 04:22:20,730 [INFO] AutoTrader | HEARTBEAT | total=132 inplay=2 with_strategy=18
2026-01-18 04:23:49,576 [INFO] AutoTrader | HEARTBEAT | total=132 inplay=2 with_strategy=18
2026-01-18 04:25:17,679 [INFO] AutoTrader | HEARTBEAT | total=132 inplay=2 with_strategy=18
2026-01-18 04:26:45,998 [INFO] AutoTrader | HEARTBEAT | total=132 inplay=2 with_strategy=18
2026-01-18 04:28:14,163 [INFO] AutoTrader | HEARTBEAT | total=132 inplay=2 with_strategy=18
2026-01-18 04:29:42,583 [INFO] AutoTrader | HEARTBEAT | total=132 inplay=2 with_strategy=18
2026-01-18 04:29:54,830 [INFO] AutoTrader | BAND 60' | 60 | Mexican Liga MX | Tijuana v Atletico San Luis | 1-0 | RC(H/A)=0/0 | strat=LTD60
2026-01-18 04:30:24,222 [INFO] AutoTrader | BAND 60' | 60 | Mexican Liga MX | Cruz Azul v Puebla | 0-0 | RC(H/A)=0/1 | strat=LTD60
2026-01-18 04:31:11,300 [INFO] AutoTrader | HEARTBEAT | total=132 inplay=2 with_strategy=18
2026-01-18 04:32:39,560 [INFO] AutoTrader | HEARTBEAT | total=132 inplay=2 with_strategy=18
2026-01-18 04:34:08,213 [INFO] AutoTrader | HEARTBEAT | total=132 inplay=2 with_strategy=18
2026-01-18 04:35:38,781 [INFO] AutoTrader | HEARTBEAT | total=132 inplay=2 with_strategy=18
2026-01-18 04:37:06,873 [INFO] AutoTrader | HEARTBEAT | total=132 inplay=2 with_strategy=18
2026-01-18 04:38:34,742 [INFO] AutoTrader | HEARTBEAT | total=132 inplay=2 with_strategy=18
2026-01-18 04:39:35,078 [INFO] AutoTrader | HEARTBEAT | total=143 inplay=2 with_strategy=20
2026-01-18 04:40:37,143 [INFO] AutoTrader | HEARTBEAT | total=143 inplay=2 with_strategy=20
2026-01-18 04:41:39,212 [INFO] AutoTrader | HEARTBEAT | total=143 inplay=2 with_strategy=20
2026-01-18 04:42:41,596 [INFO] AutoTrader | HEARTBEAT | total=143 inplay=2 with_strategy=20
2026-01-18 04:43:42,771 [INFO] AutoTrader | HEARTBEAT | total=143 inplay=2 with_strategy=20
2026-01-18 04:44:44,357 [INFO] AutoTrader | HEARTBEAT | total=143 inplay=2 with_strategy=20
2026-01-18 04:44:56,567 [INFO] AutoTrader | BAND 75' | 75 | Mexican Liga MX | Tijuana v Atletico San Luis | 1-0 | RC(H/A)=0/0 | strat=LTD60
2026-01-18 04:45:29,112 [INFO] AutoTrader | BAND 75' | 75 | Mexican Liga MX | Cruz Azul v Puebla | 0-0 | RC(H/A)=0/1 | strat=LTD60
2026-01-18 04:45:48,254 [INFO] AutoTrader | HEARTBEAT | total=143 inplay=2 with_strategy=20
2026-01-18 04:46:50,023 [INFO] AutoTrader | HEARTBEAT | total=143 inplay=2 with_strategy=20
2026-01-18 04:47:51,878 [INFO] AutoTrader | HEARTBEAT | total=143 inplay=2 with_strategy=20
2026-01-18 04:48:53,696 [INFO] AutoTrader | HEARTBEAT | total=143 inplay=2 with_strategy=20
2026-01-18 04:49:55,822 [INFO] AutoTrader | HEARTBEAT | total=143 inplay=2 with_strategy=20
2026-01-18 04:50:58,102 [INFO] AutoTrader | HEARTBEAT | total=143 inplay=2 with_strategy=20
2026-01-18 04:52:00,128 [INFO] AutoTrader | HEARTBEAT | total=143 inplay=2 with_strategy=20
2026-01-18 04:53:05,072 [INFO] AutoTrader | HEARTBEAT | total=143 inplay=2 with_strategy=20
2026-01-18 04:54:07,259 [INFO] AutoTrader | HEARTBEAT | total=143 inplay=2 with_strategy=20
2026-01-18 04:55:09,034 [INFO] AutoTrader | HEARTBEAT | total=143 inplay=2 with_strategy=20
2026-01-18 04:56:11,224 [INFO] AutoTrader | HEARTBEAT | total=143 inplay=2 with_strategy=20
2026-01-18 04:57:13,369 [INFO] AutoTrader | HEARTBEAT | total=143 inplay=2 with_strategy=20
2026-01-18 04:58:15,214 [INFO] AutoTrader | HEARTBEAT | total=143 inplay=2 with_strategy=20
2026-01-18 04:59:17,001 [INFO] AutoTrader | HEARTBEAT | total=143 inplay=2 with_strategy=20
2026-01-18 04:59:29,187 [INFO] AutoTrader | BAND 90' | 90 | Mexican Liga MX | Tijuana v Atletico San Luis | 1-0 | RC(H/A)=0/0 | strat=LTD60
2026-01-18 05:00:21,249 [INFO] AutoTrader | HEARTBEAT | total=143 inplay=2 with_strategy=20
2026-01-18 05:01:04,351 [INFO] AutoTrader | BAND 90' | 91 | Mexican Liga MX | Cruz Azul v Puebla | 1-0 | RC(H/A)=0/1 | strat=LTD60
2026-01-18 05:01:23,171 [INFO] AutoTrader | HEARTBEAT | total=143 inplay=2 with_strategy=20
2026-01-18 05:02:24,896 [INFO] AutoTrader | HEARTBEAT | total=143 inplay=2 with_strategy=20
2026-01-18 05:03:26,480 [INFO] AutoTrader | HEARTBEAT | total=143 inplay=2 with_strategy=20
2026-01-18 05:04:28,201 [INFO] AutoTrader | HEARTBEAT | total=143 inplay=2 with_strategy=20
2026-01-18 05:04:40,577 [INFO] AutoTrader | KICKOFF | Hong Kong 1st Division League | Supreme FC v WSE | SP(H/D/A)=1.950/4.700/3.200 | fav=1 | strat=None
2026-01-18 05:05:29,500 [INFO] AutoTrader | HEARTBEAT | total=143 inplay=3 with_strategy=20
2026-01-18 05:06:30,993 [INFO] AutoTrader | HEARTBEAT | total=143 inplay=3 with_strategy=20
2026-01-18 05:07:32,561 [INFO] AutoTrader | HEARTBEAT | total=143 inplay=3 with_strategy=20
2026-01-18 05:07:44,771 [INFO] AutoTrader | FINISH | Mexican Liga MX | Tijuana v Atletico San Luis | FT=1-1 | result=0 | pnl=-285.0 | strat=LTD60 | remaining_current=142
2026-01-18 05:08:15,518 [INFO] AutoTrader | FINISH | Mexican Liga MX | Cruz Azul v Puebla | FT=1-0 | result=1 | pnl=100.0 | strat=LTD60 | remaining_current=141
2026-01-18 05:08:34,272 [INFO] AutoTrader | HEARTBEAT | total=141 inplay=1 with_strategy=18
2026-01-18 05:09:35,550 [INFO] AutoTrader | HEARTBEAT | total=141 inplay=1 with_strategy=18
2026-01-18 05:10:41,723 [INFO] AutoTrader | HEARTBEAT | total=145 inplay=1 with_strategy=20
2026-01-18 05:11:44,985 [INFO] AutoTrader | HEARTBEAT | total=145 inplay=1 with_strategy=20
2026-01-18 05:12:48,233 [INFO] AutoTrader | HEARTBEAT | total=145 inplay=1 with_strategy=20
2026-01-18 05:13:51,165 [INFO] AutoTrader | HEARTBEAT | total=145 inplay=1 with_strategy=20
2026-01-18 05:14:54,534 [INFO] AutoTrader | HEARTBEAT | total=145 inplay=1 with_strategy=20
2026-01-18 05:15:57,057 [INFO] AutoTrader | HEARTBEAT | total=145 inplay=1 with_strategy=20
2026-01-18 05:16:59,757 [INFO] AutoTrader | HEARTBEAT | total=145 inplay=1 with_strategy=20
2026-01-18 05:18:02,440 [INFO] AutoTrader | HEARTBEAT | total=145 inplay=1 with_strategy=20
2026-01-18 05:19:07,377 [INFO] AutoTrader | HEARTBEAT | total=145 inplay=1 with_strategy=20
2026-01-18 05:20:10,419 [INFO] AutoTrader | HEARTBEAT | total=145 inplay=1 with_strategy=20
2026-01-18 05:20:22,411 [INFO] AutoTrader | BAND 15' | 15 | Hong Kong 1st Division League | Supreme FC v WSE | 0-0 | RC(H/A)=0/0 | strat=None
2026-01-18 05:21:13,346 [INFO] AutoTrader | HEARTBEAT | total=145 inplay=1 with_strategy=20
2026-01-18 05:22:16,246 [INFO] AutoTrader | HEARTBEAT | total=145 inplay=1 with_strategy=20
2026-01-18 05:23:18,894 [INFO] AutoTrader | HEARTBEAT | total=145 inplay=1 with_strategy=20
2026-01-18 05:24:21,404 [INFO] AutoTrader | HEARTBEAT | total=145 inplay=1 with_strategy=20
2026-01-18 05:25:24,476 [INFO] AutoTrader | HEARTBEAT | total=145 inplay=1 with_strategy=20
2026-01-18 05:26:27,102 [INFO] AutoTrader | HEARTBEAT | total=145 inplay=1 with_strategy=20
2026-01-18 05:27:29,956 [INFO] AutoTrader | HEARTBEAT | total=145 inplay=1 with_strategy=20
2026-01-18 05:28:34,447 [INFO] AutoTrader | HEARTBEAT | total=145 inplay=1 with_strategy=20
2026-01-18 05:29:37,086 [INFO] AutoTrader | HEARTBEAT | total=145 inplay=1 with_strategy=20
2026-01-18 05:30:40,334 [INFO] AutoTrader | HEARTBEAT | total=145 inplay=1 with_strategy=20
2026-01-18 05:31:43,482 [INFO] AutoTrader | HEARTBEAT | total=145 inplay=1 with_strategy=20
2026-01-18 05:32:46,199 [INFO] AutoTrader | HEARTBEAT | total=145 inplay=1 with_strategy=20
2026-01-18 05:33:49,063 [INFO] AutoTrader | HEARTBEAT | total=145 inplay=1 with_strategy=20
2026-01-18 05:34:32,916 [INFO] AutoTrader | KICKOFF | Hong Kong 1st Division League | Lucky Mile v South China | SP(H/D/A)=50.000/1.210/1.050 | fav=2 | strat=None
2026-01-18 05:34:33,035 [INFO] AutoTrader | KICKOFF | Hong Kong 1st Division League | Tung Sing v Hoi King SA | SP(H/D/A)=2.800/4.000/2.360 | fav=2 | strat=None
2026-01-18 05:34:52,402 [INFO] AutoTrader | HEARTBEAT | total=145 inplay=3 with_strategy=20
2026-01-18 05:35:04,350 [INFO] AutoTrader | BAND 30' | 30 | Hong Kong 1st Division League | Supreme FC v WSE | 0-0 | RC(H/A)=0/0 | strat=None
2026-01-18 05:35:36,412 [INFO] AutoTrader | KICKOFF | Hong Kong 1st Division League | Citizen AA v Resources Capital FC | SP(H/D/A)=3.800/4.800/1.830 | fav=2 | strat=None
2026-01-18 05:35:55,324 [INFO] AutoTrader | HEARTBEAT | total=145 inplay=4 with_strategy=20
2026-01-18 05:36:58,025 [INFO] AutoTrader | HEARTBEAT | total=145 inplay=4 with_strategy=20
2026-01-18 05:38:02,458 [INFO] AutoTrader | HEARTBEAT | total=145 inplay=4 with_strategy=20
2026-01-18 05:39:04,841 [INFO] AutoTrader | HEARTBEAT | total=145 inplay=4 with_strategy=20
2026-01-18 05:40:08,028 [INFO] AutoTrader | HEARTBEAT | total=145 inplay=4 with_strategy=20
2026-01-18 05:41:13,205 [INFO] AutoTrader | HEARTBEAT | total=153 inplay=4 with_strategy=22
2026-01-18 05:42:18,145 [INFO] AutoTrader | HEARTBEAT | total=153 inplay=4 with_strategy=22
2026-01-18 05:43:23,459 [INFO] AutoTrader | HEARTBEAT | total=153 inplay=4 with_strategy=22
2026-01-18 05:44:28,637 [INFO] AutoTrader | HEARTBEAT | total=153 inplay=4 with_strategy=22
2026-01-18 05:45:34,171 [INFO] AutoTrader | HEARTBEAT | total=153 inplay=4 with_strategy=22
2026-01-18 05:46:39,585 [INFO] AutoTrader | HEARTBEAT | total=153 inplay=4 with_strategy=22
2026-01-18 05:47:46,527 [INFO] AutoTrader | HEARTBEAT | total=153 inplay=4 with_strategy=22
2026-01-18 05:48:53,858 [INFO] AutoTrader | HEARTBEAT | total=153 inplay=4 with_strategy=22
2026-01-18 05:49:38,540 [INFO] AutoTrader | BAND 15' | 15 | Hong Kong 1st Division League | Lucky Mile v South China | 0-1 | RC(H/A)=0/0 | strat=None
2026-01-18 05:49:38,684 [INFO] AutoTrader | BAND 15' | 15 | Hong Kong 1st Division League | Tung Sing v Hoi King SA | 1-1 | RC(H/A)=0/0 | strat=None
2026-01-18 05:49:58,843 [INFO] AutoTrader | HEARTBEAT | total=153 inplay=4 with_strategy=22
2026-01-18 05:50:10,844 [INFO] AutoTrader | BAND 45' | 45 | Hong Kong 1st Division League | Supreme FC v WSE | 1-0 | RC(H/A)=0/0 | strat=None
2026-01-18 05:51:03,869 [INFO] AutoTrader | HEARTBEAT | total=153 inplay=4 with_strategy=22
2026-01-18 05:51:16,368 [INFO] AutoTrader | BAND 15' | 15 | Hong Kong 1st Division League | Citizen AA v Resources Capital FC | 0-0 | RC(H/A)=0/0 | strat=None
2026-01-18 05:52:08,780 [INFO] AutoTrader | HEARTBEAT | total=153 inplay=4 with_strategy=22
2026-01-18 05:53:13,895 [INFO] AutoTrader | HEARTBEAT | total=153 inplay=4 with_strategy=22
2026-01-18 05:54:19,358 [INFO] AutoTrader | HEARTBEAT | total=153 inplay=4 with_strategy=22
2026-01-18 05:55:24,329 [INFO] AutoTrader | HEARTBEAT | total=153 inplay=4 with_strategy=22
2026-01-18 05:56:29,635 [INFO] AutoTrader | HEARTBEAT | total=153 inplay=4 with_strategy=22
2026-01-18 05:57:34,339 [INFO] AutoTrader | HEARTBEAT | total=153 inplay=4 with_strategy=22
2026-01-18 05:58:40,739 [INFO] AutoTrader | HEARTBEAT | total=153 inplay=4 with_strategy=22
2026-01-18 05:59:46,104 [INFO] AutoTrader | HEARTBEAT | total=153 inplay=4 with_strategy=22
2026-01-18 06:00:31,590 [INFO] AutoTrader | KICKOFF | Australian A-League Women | Central Coast Mariners (W) v Perth Glory (W) | SP(H/D/A)=1.720/4.500/4.800 | fav=1 | strat=None
2026-01-18 06:00:51,706 [INFO] AutoTrader | HEARTBEAT | total=153 inplay=5 with_strategy=22
2026-01-18 06:01:57,387 [INFO] AutoTrader | HEARTBEAT | total=153 inplay=5 with_strategy=22
2026-01-18 06:03:02,897 [INFO] AutoTrader | HEARTBEAT | total=153 inplay=5 with_strategy=22
2026-01-18 06:03:20,277 [WARNING] AutoTrader | Skipping live update for 35161952: SportsAPING/v1.0/listMarketBook 
Params: {'marketIds': ['1.252867435'], 'priceProjection': {'priceData': ['EX_ALL_OFFERS']}} 
Exception: HTTPSConnectionPool(host='api.betfair.com', port=443): Max retries exceeded with url: /exchange/betting/json-rpc/v1 (Caused by SSLError(SSLEOFError(8, 'EOF occurred in violation of protocol (_ssl.c:997)')))
2026-01-18 06:04:08,492 [INFO] AutoTrader | HEARTBEAT | total=153 inplay=5 with_strategy=22
2026-01-18 06:05:15,792 [INFO] AutoTrader | HEARTBEAT | total=153 inplay=5 with_strategy=22
2026-01-18 06:05:27,894 [INFO] AutoTrader | BAND 30' | 30 | Hong Kong 1st Division League | Lucky Mile v South China | 0-2 | RC(H/A)=0/0 | strat=None
2026-01-18 06:05:28,037 [INFO] AutoTrader | BAND 30' | 30 | Hong Kong 1st Division League | Tung Sing v Hoi King SA | 1-1 | RC(H/A)=0/0 | strat=None
2026-01-18 06:06:20,659 [INFO] AutoTrader | HEARTBEAT | total=153 inplay=5 with_strategy=22
2026-01-18 06:07:05,454 [INFO] AutoTrader | BAND 30' | 31 | Hong Kong 1st Division League | Citizen AA v Resources Capital FC | 0-0 | RC(H/A)=0/0 | strat=None
2026-01-18 06:07:25,374 [INFO] AutoTrader | HEARTBEAT | total=153 inplay=5 with_strategy=22
2026-01-18 06:08:30,107 [INFO] AutoTrader | HEARTBEAT | total=153 inplay=5 with_strategy=22
2026-01-18 06:09:35,030 [INFO] AutoTrader | HEARTBEAT | total=153 inplay=5 with_strategy=22
2026-01-18 06:10:39,903 [INFO] AutoTrader | HEARTBEAT | total=153 inplay=5 with_strategy=22
2026-01-18 06:11:46,178 [INFO] AutoTrader | HEARTBEAT | total=157 inplay=5 with_strategy=23
2026-01-18 06:12:54,080 [INFO] AutoTrader | HEARTBEAT | total=157 inplay=5 with_strategy=23
2026-01-18 06:14:00,189 [INFO] AutoTrader | HEARTBEAT | total=157 inplay=5 with_strategy=23
2026-01-18 06:15:06,263 [INFO] AutoTrader | HEARTBEAT | total=157 inplay=5 with_strategy=23
2026-01-18 06:15:52,371 [INFO] AutoTrader | BAND 15' | 15 | Australian A-League Women | Central Coast Mariners (W) v Perth Glory (W) | 0-0 | RC(H/A)=0/0 | strat=None
2026-01-18 06:16:12,927 [INFO] AutoTrader | HEARTBEAT | total=157 inplay=5 with_strategy=23
2026-01-18 06:17:19,606 [INFO] AutoTrader | HEARTBEAT | total=157 inplay=5 with_strategy=23
2026-01-18 06:18:27,697 [INFO] AutoTrader | HEARTBEAT | total=157 inplay=5 with_strategy=23
2026-01-18 06:19:34,353 [INFO] AutoTrader | HEARTBEAT | total=157 inplay=5 with_strategy=23
2026-01-18 06:20:19,866 [INFO] AutoTrader | BAND 45' | 45 | Hong Kong 1st Division League | Lucky Mile v South China | 0-2 | RC(H/A)=0/0 | strat=None
2026-01-18 06:20:20,039 [INFO] AutoTrader | BAND 45' | 45 | Hong Kong 1st Division League | Tung Sing v Hoi King SA | 1-1 | RC(H/A)=0/0 | strat=None
2026-01-18 06:20:40,813 [INFO] AutoTrader | HEARTBEAT | total=157 inplay=5 with_strategy=23
2026-01-18 06:20:53,217 [INFO] AutoTrader | BAND 45' | 45 | Hong Kong 1st Division League | Citizen AA v Resources Capital FC | 0-0 | RC(H/A)=0/0 | strat=None
2026-01-18 06:21:47,341 [INFO] AutoTrader | HEARTBEAT | total=157 inplay=5 with_strategy=23
2026-01-18 06:22:32,498 [INFO] AutoTrader | BAND 60' | 60 | Hong Kong 1st Division League | Supreme FC v WSE | 1-0 | RC(H/A)=0/0 | strat=None
2026-01-18 06:22:53,370 [INFO] AutoTrader | HEARTBEAT | total=157 inplay=5 with_strategy=23
2026-01-18 06:23:59,892 [INFO] AutoTrader | HEARTBEAT | total=157 inplay=5 with_strategy=23
2026-01-18 06:25:06,135 [INFO] AutoTrader | HEARTBEAT | total=157 inplay=5 with_strategy=23
2026-01-18 06:26:14,332 [INFO] AutoTrader | HEARTBEAT | total=157 inplay=5 with_strategy=23
2026-01-18 06:27:21,153 [INFO] AutoTrader | HEARTBEAT | total=157 inplay=5 with_strategy=23
2026-01-18 06:28:28,168 [INFO] AutoTrader | HEARTBEAT | total=157 inplay=5 with_strategy=23
2026-01-18 06:29:34,893 [INFO] AutoTrader | HEARTBEAT | total=157 inplay=5 with_strategy=23
2026-01-18 06:30:41,557 [INFO] AutoTrader | HEARTBEAT | total=157 inplay=5 with_strategy=23
2026-01-18 06:30:54,072 [INFO] AutoTrader | BAND 30' | 30 | Australian A-League Women | Central Coast Mariners (W) v Perth Glory (W) | 0-0 | RC(H/A)=0/0 | strat=None
2026-01-18 06:31:47,986 [INFO] AutoTrader | HEARTBEAT | total=157 inplay=5 with_strategy=23
2026-01-18 06:32:54,378 [INFO] AutoTrader | HEARTBEAT | total=157 inplay=5 with_strategy=23
2026-01-18 06:34:01,905 [INFO] AutoTrader | HEARTBEAT | total=157 inplay=5 with_strategy=23
2026-01-18 06:35:10,288 [INFO] AutoTrader | HEARTBEAT | total=157 inplay=5 with_strategy=23
2026-01-18 06:36:17,382 [INFO] AutoTrader | HEARTBEAT | total=157 inplay=5 with_strategy=23
2026-01-18 06:37:02,947 [INFO] AutoTrader | BAND 75' | 75 | Hong Kong 1st Division League | Supreme FC v WSE | 2-0 | RC(H/A)=0/0 | strat=None
2026-01-18 06:37:24,277 [INFO] AutoTrader | HEARTBEAT | total=157 inplay=5 with_strategy=23
2026-01-18 06:38:30,952 [INFO] AutoTrader | HEARTBEAT | total=157 inplay=5 with_strategy=23
2026-01-18 06:39:37,325 [INFO] AutoTrader | HEARTBEAT | total=157 inplay=5 with_strategy=23
2026-01-18 06:40:44,113 [INFO] AutoTrader | HEARTBEAT | total=157 inplay=5 with_strategy=23
2026-01-18 06:41:51,254 [INFO] AutoTrader | HEARTBEAT | total=160 inplay=5 with_strategy=23
2026-01-18 06:42:58,349 [INFO] AutoTrader | HEARTBEAT | total=160 inplay=5 with_strategy=23
2026-01-18 06:44:08,129 [INFO] AutoTrader | HEARTBEAT | total=160 inplay=5 with_strategy=23
2026-01-18 06:45:15,665 [INFO] AutoTrader | HEARTBEAT | total=160 inplay=5 with_strategy=23
2026-01-18 06:46:01,614 [INFO] AutoTrader | BAND 45' | 45 | Australian A-League Women | Central Coast Mariners (W) v Perth Glory (W) | 0-1 | RC(H/A)=0/0 | strat=None
2026-01-18 06:46:22,876 [INFO] AutoTrader | HEARTBEAT | total=160 inplay=5 with_strategy=23
2026-01-18 06:47:30,000 [INFO] AutoTrader | HEARTBEAT | total=160 inplay=5 with_strategy=23
2026-01-18 06:48:37,027 [INFO] AutoTrader | HEARTBEAT | total=160 inplay=5 with_strategy=23
2026-01-18 06:49:43,937 [INFO] AutoTrader | HEARTBEAT | total=160 inplay=5 with_strategy=23
2026-01-18 06:49:56,275 [INFO] AutoTrader | BAND 60' | 60 | Hong Kong 1st Division League | Tung Sing v Hoi King SA | 1-1 | RC(H/A)=0/0 | strat=None
2026-01-18 06:50:50,661 [INFO] AutoTrader | HEARTBEAT | total=160 inplay=5 with_strategy=23
2026-01-18 06:51:03,212 [INFO] AutoTrader | BAND 60' | 60 | Hong Kong 1st Division League | Citizen AA v Resources Capital FC | 0-1 | RC(H/A)=0/0 | strat=None
2026-01-18 06:51:59,842 [INFO] AutoTrader | HEARTBEAT | total=160 inplay=5 with_strategy=23
2026-01-18 06:52:45,456 [INFO] AutoTrader | BAND 90' | 90 | Hong Kong 1st Division League | Supreme FC v WSE | 2-0 | RC(H/A)=0/0 | strat=None
2026-01-18 06:52:45,595 [INFO] AutoTrader | BAND 60' | 60 | Hong Kong 1st Division League | Lucky Mile v South China | 0-4 | RC(H/A)=0/0 | strat=None
2026-01-18 06:53:06,830 [INFO] AutoTrader | HEARTBEAT | total=160 inplay=5 with_strategy=23
2026-01-18 06:54:14,504 [INFO] AutoTrader | HEARTBEAT | total=160 inplay=5 with_strategy=23
2026-01-18 06:55:00,148 [INFO] AutoTrader | FINISH | Hong Kong 1st Division League | Supreme FC v WSE | FT=2-0 | result=1 | pnl=None | strat=None | remaining_current=159
2026-01-18 06:55:22,106 [INFO] AutoTrader | HEARTBEAT | total=159 inplay=4 with_strategy=23
2026-01-18 06:56:29,543 [INFO] AutoTrader | HEARTBEAT | total=159 inplay=4 with_strategy=23
2026-01-18 06:57:36,639 [INFO] AutoTrader | HEARTBEAT | total=159 inplay=4 with_strategy=23
2026-01-18 06:58:45,694 [INFO] AutoTrader | HEARTBEAT | total=159 inplay=4 with_strategy=23
2026-01-18 06:59:53,023 [INFO] AutoTrader | HEARTBEAT | total=159 inplay=4 with_strategy=23
2026-01-18 07:00:05,780 [INFO] AutoTrader | KICKOFF | Hong Kong Premier League | Eastern AA v Southern District | SP(H/D/A)=2.460/3.400/3.050 | fav=1 | strat=None
2026-01-18 07:01:00,058 [INFO] AutoTrader | HEARTBEAT | total=159 inplay=5 with_strategy=23
2026-01-18 07:02:07,336 [INFO] AutoTrader | HEARTBEAT | total=159 inplay=6 with_strategy=23
2026-01-18 07:03:14,577 [INFO] AutoTrader | HEARTBEAT | total=159 inplay=6 with_strategy=23
2026-01-18 07:04:21,933 [INFO] AutoTrader | HEARTBEAT | total=159 inplay=6 with_strategy=23
2026-01-18 07:05:08,982 [INFO] AutoTrader | BAND 75' | 75 | Hong Kong 1st Division League | Tung Sing v Hoi King SA | 1-1 | RC(H/A)=0/0 | strat=None
2026-01-18 07:05:30,448 [INFO] AutoTrader | HEARTBEAT | total=159 inplay=6 with_strategy=23
2026-01-18 07:05:42,841 [INFO] AutoTrader | BAND 75' | 75 | Hong Kong 1st Division League | Citizen AA v Resources Capital FC | 1-1 | RC(H/A)=0/0 | strat=None
2026-01-18 07:06:37,825 [INFO] AutoTrader | HEARTBEAT | total=159 inplay=6 with_strategy=23
2026-01-18 07:07:24,511 [INFO] AutoTrader | KICKOFF | Australian A-League Men | Sydney FC v Wellington Phoenix | SP(H/D/A)=1.650/4.600/5.400 | fav=1 | strat=None
2026-01-18 07:07:24,511 [INFO] AutoTrader | BAND 45' | 45 | Australian A-League Men | Sydney FC v Wellington Phoenix | 0-1 | RC(H/A)=1/0 | strat=None
2026-01-18 07:07:45,574 [INFO] AutoTrader | HEARTBEAT | total=159 inplay=6 with_strategy=23
2026-01-18 07:07:57,627 [INFO] AutoTrader | BAND 75' | 75 | Hong Kong 1st Division League | Lucky Mile v South China | 0-4 | RC(H/A)=0/0 | strat=None
2026-01-18 07:08:52,496 [INFO] AutoTrader | HEARTBEAT | total=159 inplay=6 with_strategy=23
2026-01-18 07:09:59,994 [INFO] AutoTrader | HEARTBEAT | total=159 inplay=6 with_strategy=23
2026-01-18 07:11:06,363 [INFO] AutoTrader | HEARTBEAT | total=159 inplay=6 with_strategy=23
2026-01-18 07:12:15,998 [INFO] AutoTrader | HEARTBEAT | total=166 inplay=6 with_strategy=24
2026-01-18 07:13:25,328 [INFO] AutoTrader | HEARTBEAT | total=166 inplay=6 with_strategy=24
2026-01-18 07:14:35,165 [INFO] AutoTrader | HEARTBEAT | total=166 inplay=6 with_strategy=24
2026-01-18 07:15:24,863 [INFO] AutoTrader | BAND 15' | 15 | Hong Kong Premier League | Eastern AA v Southern District | 0-0 | RC(H/A)=0/0 | strat=None
2026-01-18 07:15:46,601 [INFO] AutoTrader | HEARTBEAT | total=166 inplay=6 with_strategy=24
2026-01-18 07:16:56,468 [INFO] AutoTrader | HEARTBEAT | total=166 inplay=6 with_strategy=24
2026-01-18 07:17:43,269 [INFO] AutoTrader | BAND 60' | 60 | Australian A-League Women | Central Coast Mariners (W) v Perth Glory (W) | 0-1 | RC(H/A)=0/0 | strat=None
2026-01-18 07:18:07,331 [INFO] AutoTrader | HEARTBEAT | total=166 inplay=6 with_strategy=24
2026-01-18 07:18:20,060 [INFO] AutoTrader | KICKOFF | Hong Kong 1st Division League | Sham Shui Po v 3 Sing FC | SP(H/D/A)=1.170/10.000/16.000 | fav=1 | strat=None
2026-01-18 07:19:16,136 [INFO] AutoTrader | HEARTBEAT | total=166 inplay=7 with_strategy=24
2026-01-18 07:20:02,913 [INFO] AutoTrader | BAND 90' | 90 | Hong Kong 1st Division League | Tung Sing v Hoi King SA | 2-1 | RC(H/A)=0/0 | strat=None
2026-01-18 07:20:25,391 [INFO] AutoTrader | HEARTBEAT | total=166 inplay=7 with_strategy=24
2026-01-18 07:20:37,750 [INFO] AutoTrader | BAND 90' | 90 | Hong Kong 1st Division League | Citizen AA v Resources Capital FC | 1-1 | RC(H/A)=0/0 | strat=None
2026-01-18 07:21:34,724 [INFO] AutoTrader | HEARTBEAT | total=166 inplay=7 with_strategy=24
2026-01-18 07:22:22,262 [INFO] AutoTrader | BAND 60' | 60 | Australian A-League Men | Sydney FC v Wellington Phoenix | 0-1 | RC(H/A)=1/0 | strat=None
2026-01-18 07:22:44,249 [INFO] AutoTrader | HEARTBEAT | total=166 inplay=7 with_strategy=24
2026-01-18 07:22:56,252 [INFO] AutoTrader | BAND 90' | 90 | Hong Kong 1st Division League | Lucky Mile v South China | 0-4 | RC(H/A)=0/0 | strat=None
2026-01-18 07:23:31,340 [INFO] AutoTrader | FINISH | Hong Kong 1st Division League | Tung Sing v Hoi King SA | FT=2-1 | result=1 | pnl=None | strat=None | remaining_current=165
2026-01-18 07:23:54,122 [INFO] AutoTrader | HEARTBEAT | total=165 inplay=6 with_strategy=24
2026-01-18 07:24:41,023 [INFO] AutoTrader | FINISH | Hong Kong 1st Division League | Citizen AA v Resources Capital FC | FT=1-1 | result=0 | pnl=None | strat=None | remaining_current=164
2026-01-18 07:25:03,457 [INFO] AutoTrader | HEARTBEAT | total=164 inplay=5 with_strategy=24
2026-01-18 07:25:15,495 [INFO] AutoTrader | FINISH | Hong Kong 1st Division League | Lucky Mile v South China | FT=0-4 | result=1 | pnl=None | strat=None | remaining_current=163
2026-01-18 07:26:14,831 [INFO] AutoTrader | HEARTBEAT | total=163 inplay=4 with_strategy=24
2026-01-18 07:27:23,525 [INFO] AutoTrader | HEARTBEAT | total=163 inplay=4 with_strategy=24
2026-01-18 07:28:31,568 [INFO] AutoTrader | HEARTBEAT | total=163 inplay=4 with_strategy=24
2026-01-18 07:29:39,919 [INFO] AutoTrader | HEARTBEAT | total=163 inplay=4 with_strategy=24
2026-01-18 07:29:52,213 [INFO] AutoTrader | BAND 15' | 15 | Hong Kong 1st Division League | Sham Shui Po v 3 Sing FC | 0-0 | RC(H/A)=0/0 | strat=None
2026-01-18 07:30:26,732 [INFO] AutoTrader | BAND 30' | 30 | Hong Kong Premier League | Eastern AA v Southern District | 0-1 | RC(H/A)=0/0 | strat=None
2026-01-18 07:30:48,429 [INFO] AutoTrader | HEARTBEAT | total=163 inplay=4 with_strategy=24
2026-01-18 07:31:56,797 [INFO] AutoTrader | HEARTBEAT | total=163 inplay=4 with_strategy=24
2026-01-18 07:32:42,854 [INFO] AutoTrader | BAND 75' | 75 | Australian A-League Women | Central Coast Mariners (W) v Perth Glory (W) | 1-1 | RC(H/A)=0/0 | strat=None
2026-01-18 07:33:05,088 [INFO] AutoTrader | HEARTBEAT | total=163 inplay=4 with_strategy=24
2026-01-18 07:34:15,065 [INFO] AutoTrader | HEARTBEAT | total=163 inplay=4 with_strategy=24
2026-01-18 07:35:23,768 [INFO] AutoTrader | HEARTBEAT | total=163 inplay=4 with_strategy=24
2026-01-18 07:36:32,072 [INFO] AutoTrader | HEARTBEAT | total=163 inplay=4 with_strategy=24
2026-01-18 07:37:40,405 [INFO] AutoTrader | HEARTBEAT | total=163 inplay=4 with_strategy=24
2026-01-18 07:37:52,582 [INFO] AutoTrader | BAND 75' | 75 | Australian A-League Men | Sydney FC v Wellington Phoenix | 0-2 | RC(H/A)=1/0 | strat=None
2026-01-18 07:38:48,790 [INFO] AutoTrader | HEARTBEAT | total=163 inplay=4 with_strategy=24
2026-01-18 07:39:58,794 [INFO] AutoTrader | HEARTBEAT | total=163 inplay=4 with_strategy=24
2026-01-18 07:41:06,769 [INFO] AutoTrader | HEARTBEAT | total=163 inplay=4 with_strategy=24
2026-01-18 07:41:19,386 [INFO] AutoTrader | KICKOFF | Hong Kong 1st Division League | Central & West DR & SA v Shatin SA | SP(H/D/A)=1.630/4.800/4.800 | fav=1 | strat=None
2026-01-18 07:42:15,912 [INFO] AutoTrader | HEARTBEAT | total=170 inplay=5 with_strategy=27
2026-01-18 07:43:26,788 [INFO] AutoTrader | HEARTBEAT | total=170 inplay=5 with_strategy=27
2026-01-18 07:44:37,845 [INFO] AutoTrader | HEARTBEAT | total=170 inplay=5 with_strategy=27
2026-01-18 07:44:50,141 [INFO] AutoTrader | BAND 30' | 30 | Hong Kong 1st Division League | Sham Shui Po v 3 Sing FC | 1-0 | RC(H/A)=0/0 | strat=None
2026-01-18 07:45:49,389 [INFO] AutoTrader | HEARTBEAT | total=170 inplay=5 with_strategy=27
2026-01-18 07:46:01,929 [INFO] AutoTrader | BAND 45' | 45 | Hong Kong Premier League | Eastern AA v Southern District | 0-1 | RC(H/A)=0/0 | strat=None
2026-01-18 07:47:02,267 [INFO] AutoTrader | HEARTBEAT | total=170 inplay=5 with_strategy=27
2026-01-18 07:47:50,010 [INFO] AutoTrader | BAND 90' | 90 | Australian A-League Women | Central Coast Mariners (W) v Perth Glory (W) | 1-1 | RC(H/A)=0/0 | strat=None
2026-01-18 07:48:13,683 [INFO] AutoTrader | HEARTBEAT | total=170 inplay=5 with_strategy=27
2026-01-18 07:49:25,083 [INFO] AutoTrader | HEARTBEAT | total=170 inplay=5 with_strategy=27
2026-01-18 07:50:36,273 [INFO] AutoTrader | HEARTBEAT | total=170 inplay=5 with_strategy=27
2026-01-18 07:51:47,730 [INFO] AutoTrader | HEARTBEAT | total=170 inplay=5 with_strategy=27
2026-01-18 07:52:35,338 [INFO] AutoTrader | BAND 90' | 90 | Australian A-League Men | Sydney FC v Wellington Phoenix | 0-2 | RC(H/A)=1/0 | strat=None
2026-01-18 07:52:58,709 [INFO] AutoTrader | HEARTBEAT | total=170 inplay=5 with_strategy=27
2026-01-18 07:53:46,512 [INFO] AutoTrader | FINISH | Australian A-League Women | Central Coast Mariners (W) v Perth Glory (W) | FT=1-1 | result=0 | pnl=None | strat=None | remaining_current=169
2026-01-18 07:54:11,709 [INFO] AutoTrader | HEARTBEAT | total=169 inplay=4 with_strategy=27
2026-01-18 07:55:22,447 [INFO] AutoTrader | HEARTBEAT | total=169 inplay=4 with_strategy=27
2026-01-18 07:56:09,988 [INFO] AutoTrader | FINISH | Australian A-League Men | Sydney FC v Wellington Phoenix | FT=0-2 | result=1 | pnl=None | strat=None | remaining_current=168
2026-01-18 07:56:33,227 [INFO] AutoTrader | HEARTBEAT | total=168 inplay=3 with_strategy=27
2026-01-18 07:56:45,491 [INFO] AutoTrader | BAND 15' | 15 | Hong Kong 1st Division League | Central & West DR & SA v Shatin SA | 0-0 | RC(H/A)=0/0 | strat=None
2026-01-18 07:57:44,055 [INFO] AutoTrader | HEARTBEAT | total=168 inplay=3 with_strategy=27
2026-01-18 07:58:54,736 [INFO] AutoTrader | HEARTBEAT | total=168 inplay=3 with_strategy=27
2026-01-18 07:59:06,767 [INFO] AutoTrader | BAND 45' | 45 | Hong Kong 1st Division League | Sham Shui Po v 3 Sing FC | 1-0 | RC(H/A)=0/0 | strat=None
2026-01-18 08:00:05,456 [INFO] AutoTrader | HEARTBEAT | total=168 inplay=3 with_strategy=27
2026-01-18 08:01:17,333 [INFO] AutoTrader | HEARTBEAT | total=168 inplay=3 with_strategy=27
2026-01-18 08:02:28,687 [INFO] AutoTrader | HEARTBEAT | total=168 inplay=3 with_strategy=27
2026-01-18 08:03:39,274 [INFO] AutoTrader | HEARTBEAT | total=168 inplay=3 with_strategy=27
2026-01-18 08:04:50,130 [INFO] AutoTrader | HEARTBEAT | total=168 inplay=3 with_strategy=27
2026-01-18 08:06:00,825 [INFO] AutoTrader | HEARTBEAT | total=168 inplay=3 with_strategy=27
2026-01-18 08:07:11,659 [INFO] AutoTrader | HEARTBEAT | total=168 inplay=3 with_strategy=27
2026-01-18 08:08:23,714 [INFO] AutoTrader | HEARTBEAT | total=168 inplay=3 with_strategy=27
2026-01-18 08:09:34,117 [INFO] AutoTrader | HEARTBEAT | total=168 inplay=3 with_strategy=27
2026-01-18 08:10:45,426 [INFO] AutoTrader | HEARTBEAT | total=168 inplay=3 with_strategy=27
2026-01-18 08:11:33,202 [INFO] AutoTrader | BAND 30' | 30 | Hong Kong 1st Division League | Central & West DR & SA v Shatin SA | 0-1 | RC(H/A)=0/0 | strat=None
2026-01-18 08:11:56,486 [INFO] AutoTrader | HEARTBEAT | total=168 inplay=3 with_strategy=27
2026-01-18 08:13:11,366 [INFO] AutoTrader | HEARTBEAT | total=181 inplay=3 with_strategy=28
2026-01-18 08:14:25,696 [INFO] AutoTrader | HEARTBEAT | total=181 inplay=3 with_strategy=28
2026-01-18 08:15:40,854 [INFO] AutoTrader | HEARTBEAT | total=181 inplay=3 with_strategy=28
2026-01-18 08:16:32,332 [INFO] AutoTrader | BAND 60' | 60 | Hong Kong Premier League | Eastern AA v Southern District | 1-1 | RC(H/A)=0/0 | strat=None
2026-01-18 08:16:57,717 [INFO] AutoTrader | HEARTBEAT | total=181 inplay=3 with_strategy=28
2026-01-18 08:18:12,543 [INFO] AutoTrader | HEARTBEAT | total=181 inplay=3 with_strategy=28
2026-01-18 08:19:27,002 [INFO] AutoTrader | HEARTBEAT | total=181 inplay=3 with_strategy=28
2026-01-18 08:20:41,584 [INFO] AutoTrader | HEARTBEAT | total=181 inplay=3 with_strategy=28
2026-01-18 08:21:55,620 [INFO] AutoTrader | HEARTBEAT | total=181 inplay=3 with_strategy=28
2026-01-18 08:23:10,200 [INFO] AutoTrader | HEARTBEAT | total=181 inplay=3 with_strategy=28
2026-01-18 08:24:24,913 [INFO] AutoTrader | HEARTBEAT | total=181 inplay=3 with_strategy=28
2026-01-18 08:25:39,966 [INFO] AutoTrader | HEARTBEAT | total=181 inplay=3 with_strategy=28
2026-01-18 08:26:56,659 [INFO] AutoTrader | HEARTBEAT | total=181 inplay=3 with_strategy=28
2026-01-18 08:27:09,032 [INFO] AutoTrader | BAND 45' | 46 | Hong Kong 1st Division League | Central & West DR & SA v Shatin SA | 1-1 | RC(H/A)=0/0 | strat=None
2026-01-18 08:27:45,891 [INFO] AutoTrader | BAND 60' | 60 | Hong Kong 1st Division League | Sham Shui Po v 3 Sing FC | 1-1 | RC(H/A)=0/0 | strat=None
2026-01-18 08:28:11,224 [INFO] AutoTrader | HEARTBEAT | total=181 inplay=3 with_strategy=28
2026-01-18 08:29:25,641 [INFO] AutoTrader | HEARTBEAT | total=181 inplay=3 with_strategy=28
2026-01-18 08:30:15,752 [INFO] AutoTrader | KICKOFF | Indonesian Championship | Pss Sleman v Persela Lamongan | SP(H/D/A)=1.380/5.300/10.000 | fav=1 | strat=None
2026-01-18 08:30:15,892 [INFO] AutoTrader | KICKOFF | Indonesian Championship | Persiku Kudus v Persiba Balikpapan | SP(H/D/A)=1.940/3.600/4.300 | fav=1 | strat=None
2026-01-18 08:30:40,529 [INFO] AutoTrader | HEARTBEAT | total=181 inplay=5 with_strategy=28
2026-01-18 08:30:53,042 [INFO] AutoTrader | KICKOFF | Hong Kong Premier League | Hong Kong FC v Eastern District SA | SP(H/D/A)=5.500/4.100/1.690 | fav=2 | strat=None
2026-01-18 08:31:30,612 [INFO] AutoTrader | BAND 75' | 75 | Hong Kong Premier League | Eastern AA v Southern District | 3-1 | RC(H/A)=0/0 | strat=None
2026-01-18 08:31:55,973 [INFO] AutoTrader | HEARTBEAT | total=181 inplay=6 with_strategy=28
2026-01-18 08:33:12,883 [INFO] AutoTrader | HEARTBEAT | total=181 inplay=6 with_strategy=28
2026-01-18 08:34:28,260 [INFO] AutoTrader | HEARTBEAT | total=181 inplay=6 with_strategy=28
2026-01-18 08:35:42,498 [INFO] AutoTrader | HEARTBEAT | total=181 inplay=6 with_strategy=28
2026-01-18 08:36:57,127 [INFO] AutoTrader | HEARTBEAT | total=181 inplay=6 with_strategy=28
2026-01-18 08:38:11,933 [INFO] AutoTrader | HEARTBEAT | total=181 inplay=6 with_strategy=28
2026-01-18 08:39:29,009 [INFO] AutoTrader | HEARTBEAT | total=181 inplay=6 with_strategy=28
2026-01-18 08:40:43,407 [INFO] AutoTrader | HEARTBEAT | total=181 inplay=6 with_strategy=28
2026-01-18 08:41:57,343 [INFO] AutoTrader | HEARTBEAT | total=181 inplay=6 with_strategy=28
2026-01-18 08:43:11,964 [INFO] AutoTrader | HEARTBEAT | total=183 inplay=6 with_strategy=28
2026-01-18 08:43:23,963 [INFO] AutoTrader | BAND 75' | 75 | Hong Kong 1st Division League | Sham Shui Po v 3 Sing FC | 2-1 | RC(H/A)=0/0 | strat=None
2026-01-18 08:44:26,439 [INFO] AutoTrader | HEARTBEAT | total=183 inplay=6 with_strategy=28
2026-01-18 08:45:41,551 [INFO] AutoTrader | HEARTBEAT | total=183 inplay=6 with_strategy=28
2026-01-18 08:45:54,082 [INFO] AutoTrader | BAND 15' | 15 | Indonesian Championship | Pss Sleman v Persela Lamongan | 0-0 | RC(H/A)=0/0 | strat=None
2026-01-18 08:45:54,217 [INFO] AutoTrader | BAND 15' | 15 | Indonesian Championship | Persiku Kudus v Persiba Balikpapan | 0-0 | RC(H/A)=0/0 | strat=None
2026-01-18 08:46:31,444 [INFO] AutoTrader | BAND 15' | 15 | Hong Kong Premier League | Hong Kong FC v Eastern District SA | 0-0 | RC(H/A)=0/0 | strat=None
2026-01-18 08:46:58,147 [INFO] AutoTrader | HEARTBEAT | total=183 inplay=6 with_strategy=28
2026-01-18 08:47:10,440 [INFO] AutoTrader | BAND 90' | 90 | Hong Kong Premier League | Eastern AA v Southern District | 3-1 | RC(H/A)=0/0 | strat=None
2026-01-18 08:48:14,083 [INFO] AutoTrader | HEARTBEAT | total=183 inplay=6 with_strategy=28
2026-01-18 08:49:29,711 [INFO] AutoTrader | HEARTBEAT | total=183 inplay=6 with_strategy=28
2026-01-18 08:50:49,414 [INFO] AutoTrader | HEARTBEAT | total=183 inplay=6 with_strategy=28
2026-01-18 08:51:39,239 [INFO] AutoTrader | FINISH | Hong Kong Premier League | Eastern AA v Southern District | FT=3-1 | result=1 | pnl=None | strat=None | remaining_current=182
2026-01-18 08:52:04,568 [INFO] AutoTrader | HEARTBEAT | total=182 inplay=5 with_strategy=28
2026-01-18 08:53:18,765 [INFO] AutoTrader | HEARTBEAT | total=182 inplay=5 with_strategy=28
2026-01-18 08:54:35,733 [INFO] AutoTrader | HEARTBEAT | total=182 inplay=5 with_strategy=28
2026-01-18 08:55:50,714 [INFO] AutoTrader | HEARTBEAT | total=182 inplay=5 with_strategy=28
2026-01-18 08:57:08,351 [INFO] AutoTrader | HEARTBEAT | total=182 inplay=5 with_strategy=28
2026-01-18 08:57:58,224 [INFO] AutoTrader | BAND 90' | 90 | Hong Kong 1st Division League | Sham Shui Po v 3 Sing FC | 3-1 | RC(H/A)=0/0 | strat=None
2026-01-18 08:57:58,374 [INFO] AutoTrader | BAND 60' | 60 | Hong Kong 1st Division League | Central & West DR & SA v Shatin SA | 1-2 | RC(H/A)=0/0 | strat=None
2026-01-18 08:58:24,424 [INFO] AutoTrader | HEARTBEAT | total=182 inplay=5 with_strategy=28
2026-01-18 08:59:41,619 [INFO] AutoTrader | HEARTBEAT | total=182 inplay=5 with_strategy=28
2026-01-18 09:00:32,650 [INFO] AutoTrader | BAND 30' | 30 | Indonesian Championship | Persiku Kudus v Persiba Balikpapan | 0-0 | RC(H/A)=0/0 | strat=None
2026-01-18 09:00:58,421 [INFO] AutoTrader | HEARTBEAT | total=182 inplay=5 with_strategy=28
2026-01-18 09:01:10,983 [INFO] AutoTrader | BAND 30' | 30 | Hong Kong Premier League | Hong Kong FC v Eastern District SA | 0-1 | RC(H/A)=0/0 | strat=None
2026-01-18 09:01:49,630 [INFO] AutoTrader | BAND 30' | 31 | Indonesian Championship | Pss Sleman v Persela Lamongan | 0-0 | RC(H/A)=0/0 | strat=None
2026-01-18 09:01:49,884 [INFO] AutoTrader | KICKOFF | Malaysian Cup | Pulau Pinang v Kuching FA | SP(H/D/A)=3.500/3.600/2.180 | fav=2 | strat=None
2026-01-18 09:02:15,347 [INFO] AutoTrader | HEARTBEAT | total=182 inplay=6 with_strategy=28
2026-01-18 09:03:05,810 [INFO] AutoTrader | FINISH | Hong Kong 1st Division League | Sham Shui Po v 3 Sing FC | FT=4-2 | result=1 | pnl=None | strat=None | remaining_current=181
2026-01-18 09:03:31,526 [INFO] AutoTrader | HEARTBEAT | total=181 inplay=5 with_strategy=28
2026-01-18 09:04:48,478 [INFO] AutoTrader | HEARTBEAT | total=181 inplay=5 with_strategy=28
2026-01-18 09:06:03,266 [INFO] AutoTrader | HEARTBEAT | total=181 inplay=5 with_strategy=28
2026-01-18 09:06:53,344 [INFO] AutoTrader | KICKOFF | Friendly Matches | Vitkovice v Pusta Polom | SP(H/D/A)=1.510/5.700/2.960 | fav=1 | strat=None
2026-01-18 09:07:17,963 [INFO] AutoTrader | HEARTBEAT | total=181 inplay=6 with_strategy=28
2026-01-18 09:08:35,244 [INFO] AutoTrader | HEARTBEAT | total=181 inplay=6 with_strategy=28
2026-01-18 09:09:50,130 [INFO] AutoTrader | HEARTBEAT | total=181 inplay=6 with_strategy=28
2026-01-18 09:11:05,930 [INFO] AutoTrader | HEARTBEAT | total=181 inplay=6 with_strategy=28
2026-01-18 09:12:21,761 [INFO] AutoTrader | HEARTBEAT | total=181 inplay=6 with_strategy=28
2026-01-18 09:13:11,612 [INFO] AutoTrader | BAND 75' | 75 | Hong Kong 1st Division League | Central & West DR & SA v Shatin SA | 2-2 | RC(H/A)=0/0 | strat=None
2026-01-18 09:13:38,458 [INFO] AutoTrader | HEARTBEAT | total=189 inplay=6 with_strategy=28
2026-01-18 09:14:57,105 [INFO] AutoTrader | HEARTBEAT | total=189 inplay=6 with_strategy=28
2026-01-18 09:15:49,309 [INFO] AutoTrader | BAND 45' | 45 | Hong Kong Premier League | Hong Kong FC v Eastern District SA | 0-2 | RC(H/A)=0/0 | strat=None
2026-01-18 09:15:49,456 [INFO] AutoTrader | BAND 45' | 45 | Indonesian Championship | Pss Sleman v Persela Lamongan | 1-0 | RC(H/A)=0/0 | strat=None
2026-01-18 09:15:49,592 [INFO] AutoTrader | BAND 45' | 45 | Indonesian Championship | Persiku Kudus v Persiba Balikpapan | 0-1 | RC(H/A)=0/1 | strat=None
2026-01-18 09:16:16,775 [INFO] AutoTrader | HEARTBEAT | total=189 inplay=6 with_strategy=28
2026-01-18 09:17:08,659 [INFO] AutoTrader | BAND 15' | 15 | Malaysian Cup | Pulau Pinang v Kuching FA | 0-0 | RC(H/A)=0/0 | strat=None
2026-01-18 09:17:35,101 [INFO] AutoTrader | HEARTBEAT | total=189 inplay=6 with_strategy=28
2026-01-18 09:18:55,400 [INFO] AutoTrader | HEARTBEAT | total=189 inplay=6 with_strategy=28
2026-01-18 09:20:16,556 [INFO] AutoTrader | HEARTBEAT | total=189 inplay=6 with_strategy=28
2026-01-18 09:21:36,820 [INFO] AutoTrader | HEARTBEAT | total=189 inplay=6 with_strategy=28
2026-01-18 09:21:49,761 [INFO] AutoTrader | BAND 15' | 15 | Friendly Matches | Vitkovice v Pusta Polom | 0-0 | RC(H/A)=0/0 | strat=None
2026-01-18 09:22:56,836 [INFO] AutoTrader | HEARTBEAT | total=189 inplay=6 with_strategy=28
2026-01-18 09:24:16,588 [INFO] AutoTrader | HEARTBEAT | total=189 inplay=6 with_strategy=28
2026-01-18 09:25:36,040 [INFO] AutoTrader | HEARTBEAT | total=189 inplay=6 with_strategy=28
2026-01-18 09:26:55,776 [INFO] AutoTrader | HEARTBEAT | total=189 inplay=6 with_strategy=28
2026-01-18 09:27:47,760 [INFO] AutoTrader | BAND 90' | 90 | Hong Kong 1st Division League | Central & West DR & SA v Shatin SA | 3-2 | RC(H/A)=0/0 | strat=None
2026-01-18 09:28:15,620 [INFO] AutoTrader | HEARTBEAT | total=189 inplay=6 with_strategy=28
2026-01-18 09:29:35,540 [INFO] AutoTrader | HEARTBEAT | total=189 inplay=6 with_strategy=28
2026-01-18 09:30:57,869 [INFO] AutoTrader | HEARTBEAT | total=189 inplay=6 with_strategy=28
2026-01-18 09:31:10,962 [INFO] AutoTrader | KICKOFF | Malaysian Cup | PDRM v Johor Darul Takzim | SP(H/D/A)=44.000/32.000/1.030 | fav=2 | strat=None
2026-01-18 09:31:50,384 [INFO] AutoTrader | BAND 30' | 30 | Malaysian Cup | Pulau Pinang v Kuching FA | 0-0 | RC(H/A)=0/0 | strat=None
2026-01-18 09:32:18,085 [INFO] AutoTrader | HEARTBEAT | total=189 inplay=7 with_strategy=28
2026-01-18 09:33:10,196 [INFO] AutoTrader | FINISH | Hong Kong 1st Division League | Central & West DR & SA v Shatin SA | FT=3-2 | result=1 | pnl=None | strat=None | remaining_current=188
2026-01-18 09:33:37,705 [INFO] AutoTrader | HEARTBEAT | total=188 inplay=6 with_strategy=28
2026-01-18 09:34:56,793 [INFO] AutoTrader | HEARTBEAT | total=188 inplay=6 with_strategy=28
2026-01-18 09:36:15,593 [INFO] AutoTrader | HEARTBEAT | total=188 inplay=6 with_strategy=28
2026-01-18 09:37:09,789 [INFO] AutoTrader | BAND 30' | 30 | Friendly Matches | Vitkovice v Pusta Polom | 0-0 | RC(H/A)=0/0 | strat=None
2026-01-18 09:37:36,336 [INFO] AutoTrader | HEARTBEAT | total=188 inplay=6 with_strategy=28
2026-01-18 09:38:55,570 [INFO] AutoTrader | HEARTBEAT | total=188 inplay=6 with_strategy=28
2026-01-18 09:40:15,072 [INFO] AutoTrader | HEARTBEAT | total=188 inplay=6 with_strategy=28
2026-01-18 09:41:35,069 [INFO] AutoTrader | HEARTBEAT | total=188 inplay=6 with_strategy=28
2026-01-18 09:42:55,262 [INFO] AutoTrader | HEARTBEAT | total=188 inplay=6 with_strategy=28
2026-01-18 09:44:15,626 [INFO] AutoTrader | HEARTBEAT | total=192 inplay=6 with_strategy=28
2026-01-18 09:45:06,284 [INFO] AutoTrader | AutoTrader | PURGED stale rows | count=1
2026-01-18 09:45:36,601 [INFO] AutoTrader | HEARTBEAT | total=191 inplay=6 with_strategy=28
2026-01-18 09:45:49,288 [INFO] AutoTrader | BAND 15' | 15 | Malaysian Cup | PDRM v Johor Darul Takzim | 0-2 | RC(H/A)=0/0 | strat=None
2026-01-18 09:46:59,350 [INFO] AutoTrader | HEARTBEAT | total=191 inplay=6 with_strategy=28
2026-01-18 09:47:11,816 [INFO] AutoTrader | BAND 45' | 45 | Malaysian Cup | Pulau Pinang v Kuching FA | 1-0 | RC(H/A)=0/0 | strat=None
2026-01-18 09:48:20,242 [INFO] AutoTrader | HEARTBEAT | total=191 inplay=6 with_strategy=28
2026-01-18 09:48:32,415 [INFO] AutoTrader | BAND 60' | 60 | Hong Kong Premier League | Hong Kong FC v Eastern District SA | 0-2 | RC(H/A)=0/0 | strat=None
2026-01-18 09:49:40,618 [INFO] AutoTrader | HEARTBEAT | total=191 inplay=6 with_strategy=28
2026-01-18 09:51:01,152 [INFO] AutoTrader | HEARTBEAT | total=191 inplay=6 with_strategy=28
2026-01-18 09:51:13,327 [INFO] AutoTrader | BAND 60' | 60 | Indonesian Championship | Pss Sleman v Persela Lamongan | 1-0 | RC(H/A)=0/0 | strat=None
2026-01-18 09:51:54,821 [INFO] AutoTrader | BAND 60' | 60 | Indonesian Championship | Persiku Kudus v Persiba Balikpapan | 1-1 | RC(H/A)=0/1 | strat=None
2026-01-18 09:52:22,803 [INFO] AutoTrader | HEARTBEAT | total=191 inplay=6 with_strategy=28
2026-01-18 09:53:43,910 [INFO] AutoTrader | HEARTBEAT | total=191 inplay=6 with_strategy=28
2026-01-18 09:55:04,225 [INFO] AutoTrader | HEARTBEAT | total=191 inplay=6 with_strategy=28
2026-01-18 09:56:23,986 [INFO] AutoTrader | HEARTBEAT | total=191 inplay=6 with_strategy=28
2026-01-18 09:57:49,287 [INFO] AutoTrader | HEARTBEAT | total=191 inplay=6 with_strategy=28
2026-01-18 09:59:09,178 [INFO] AutoTrader | HEARTBEAT | total=191 inplay=6 with_strategy=28
2026-01-18 10:00:31,069 [INFO] AutoTrader | HEARTBEAT | total=191 inplay=6 with_strategy=28
2026-01-18 10:00:41,084 [INFO] AutoTrader | AutoTrader | PURGED stale rows | count=1
2026-01-18 10:00:43,725 [INFO] AutoTrader | BAND 30' | 30 | Malaysian Cup | PDRM v Johor Darul Takzim | 0-2 | RC(H/A)=0/0 | strat=None
2026-01-18 10:00:44,023 [INFO] AutoTrader | KICKOFF | Turkish 2 Lig | 1461 Trabzon v Bursaspor | SP(H/D/A)=5.600/4.100/1.710 | fav=2 | strat=None
2026-01-18 10:01:52,094 [INFO] AutoTrader | HEARTBEAT | total=190 inplay=7 with_strategy=28
2026-01-18 10:02:44,724 [INFO] AutoTrader | KICKOFF | Maltese Premier League | Gzira United FC v Marsaxlokk FC | SP(H/D/A)=3.850/3.400/2.180 | fav=2 | strat=None
2026-01-18 10:03:11,928 [INFO] AutoTrader | HEARTBEAT | total=190 inplay=8 with_strategy=28
2026-01-18 10:03:23,834 [INFO] AutoTrader | BAND 75' | 75 | Hong Kong Premier League | Hong Kong FC v Eastern District SA | 0-2 | RC(H/A)=0/0 | strat=None
2026-01-18 10:03:25,053 [INFO] AutoTrader | KICKOFF | Andorran Primera Divisio | CF Esperanca d'Andorra v FC Santa Coloma | SP(H/D/A)=48.000/14.000/1.080 | fav=2 | strat=None
2026-01-18 10:04:05,220 [INFO] AutoTrader | KICKOFF | Friendly Matches | NK Brinje Grosuplje v Budafoki | SP(H/D/A)=2.660/3.700/2.600 | fav=2 | strat=None
2026-01-18 10:04:32,397 [INFO] AutoTrader | HEARTBEAT | total=190 inplay=10 with_strategy=28
2026-01-18 10:05:52,603 [INFO] AutoTrader | HEARTBEAT | total=190 inplay=10 with_strategy=28
2026-01-18 10:06:04,630 [INFO] AutoTrader | BAND 75' | 75 | Indonesian Championship | Pss Sleman v Persela Lamongan | 1-0 | RC(H/A)=0/0 | strat=None
2026-01-18 10:07:12,959 [INFO] AutoTrader | HEARTBEAT | total=190 inplay=10 with_strategy=28
2026-01-18 10:07:25,077 [INFO] AutoTrader | BAND 75' | 76 | Indonesian Championship | Persiku Kudus v Persiba Balikpapan | 1-1 | RC(H/A)=0/1 | strat=None
2026-01-18 10:07:25,359 [INFO] AutoTrader | BAND 45' | 45 | Friendly Matches | Vitkovice v Pusta Polom | 1-0 | RC(H/A)=0/0 | strat=None
2026-01-18 10:08:37,898 [INFO] AutoTrader | HEARTBEAT | total=190 inplay=10 with_strategy=28
2026-01-18 10:09:58,743 [INFO] AutoTrader | HEARTBEAT | total=190 inplay=10 with_strategy=28
2026-01-18 10:11:18,833 [INFO] AutoTrader | HEARTBEAT | total=190 inplay=10 with_strategy=28
2026-01-18 10:12:38,895 [INFO] AutoTrader | HEARTBEAT | total=190 inplay=10 with_strategy=28
2026-01-18 10:13:59,037 [INFO] AutoTrader | HEARTBEAT | total=190 inplay=10 with_strategy=28
2026-01-18 10:15:20,878 [INFO] AutoTrader | HEARTBEAT | total=195 inplay=10 with_strategy=28
2026-01-18 10:15:33,566 [INFO] AutoTrader | BAND 45' | 45 | Malaysian Cup | PDRM v Johor Darul Takzim | 0-2 | RC(H/A)=0/0 | strat=None
2026-01-18 10:16:14,807 [INFO] AutoTrader | BAND 15' | 15 | Turkish 2 Lig | 1461 Trabzon v Bursaspor | 0-0 | RC(H/A)=0/0 | strat=None
2026-01-18 10:16:44,708 [INFO] AutoTrader | HEARTBEAT | total=195 inplay=10 with_strategy=28
2026-01-18 10:18:06,071 [INFO] AutoTrader | HEARTBEAT | total=195 inplay=10 with_strategy=28
2026-01-18 10:18:17,992 [INFO] AutoTrader | BAND 90' | 90 | Hong Kong Premier League | Hong Kong FC v Eastern District SA | 0-2 | RC(H/A)=0/0 | strat=None
2026-01-18 10:18:18,989 [INFO] AutoTrader | BAND 15' | 15 | Maltese Premier League | Gzira United FC v Marsaxlokk FC | 0-0 | RC(H/A)=0/0 | strat=None
2026-01-18 10:18:19,301 [INFO] AutoTrader | BAND 15' | 15 | Andorran Primera Divisio | CF Esperanca d'Andorra v FC Santa Coloma | 0-0 | RC(H/A)=0/0 | strat=None
2026-01-18 10:19:28,177 [INFO] AutoTrader | HEARTBEAT | total=195 inplay=10 with_strategy=28
2026-01-18 10:19:41,328 [INFO] AutoTrader | BAND 15' | 15 | Friendly Matches | NK Brinje Grosuplje v Budafoki | 0-0 | RC(H/A)=0/0 | strat=None
2026-01-18 10:20:49,254 [INFO] AutoTrader | HEARTBEAT | total=195 inplay=10 with_strategy=28
2026-01-18 10:21:01,286 [INFO] AutoTrader | BAND 90' | 90 | Indonesian Championship | Pss Sleman v Persela Lamongan | 1-1 | RC(H/A)=0/0 | strat=None
2026-01-18 10:21:42,042 [INFO] AutoTrader | FINISH | Hong Kong Premier League | Hong Kong FC v Eastern District SA | FT=0-2 | result=1 | pnl=None | strat=None | remaining_current=194
2026-01-18 10:21:42,354 [INFO] AutoTrader | BAND 90' | 90 | Indonesian Championship | Persiku Kudus v Persiba Balikpapan | 1-1 | RC(H/A)=0/1 | strat=None
2026-01-18 10:22:11,176 [INFO] AutoTrader | HEARTBEAT | total=194 inplay=9 with_strategy=28
2026-01-18 10:23:04,244 [INFO] AutoTrader | BAND 60' | 60 | Friendly Matches | Vitkovice v Pusta Polom | 2-0 | RC(H/A)=0/0 | strat=None
2026-01-18 10:23:32,628 [INFO] AutoTrader | HEARTBEAT | total=194 inplay=9 with_strategy=28
2026-01-18 10:24:54,423 [INFO] AutoTrader | HEARTBEAT | total=194 inplay=9 with_strategy=28
2026-01-18 10:26:15,552 [INFO] AutoTrader | HEARTBEAT | total=194 inplay=9 with_strategy=28
2026-01-18 10:27:11,021 [INFO] AutoTrader | BAND 60' | 60 | Malaysian Cup | Pulau Pinang v Kuching FA | 1-0 | RC(H/A)=0/0 | strat=None
2026-01-18 10:27:39,551 [INFO] AutoTrader | HEARTBEAT | total=194 inplay=9 with_strategy=28
2026-01-18 10:29:03,284 [INFO] AutoTrader | HEARTBEAT | total=194 inplay=9 with_strategy=28
2026-01-18 10:30:25,412 [INFO] AutoTrader | HEARTBEAT | total=194 inplay=9 with_strategy=28
2026-01-18 10:30:37,309 [INFO] AutoTrader | FINISH | Indonesian Championship | Pss Sleman v Persela Lamongan | FT=1-1 | result=0 | pnl=None | strat=None | remaining_current=193
2026-01-18 10:30:38,181 [INFO] AutoTrader | BAND 30' | 30 | Turkish 2 Lig | 1461 Trabzon v Bursaspor | 1-0 | RC(H/A)=0/0 | strat=None
2026-01-18 10:31:47,535 [INFO] AutoTrader | HEARTBEAT | total=193 inplay=8 with_strategy=28
2026-01-18 10:33:09,360 [INFO] AutoTrader | HEARTBEAT | total=193 inplay=8 with_strategy=28
2026-01-18 10:33:22,144 [INFO] AutoTrader | BAND 30' | 30 | Andorran Primera Divisio | CF Esperanca d'Andorra v FC Santa Coloma | 0-1 | RC(H/A)=0/0 | strat=None
2026-01-18 10:34:02,692 [INFO] AutoTrader | BAND 30' | 30 | Maltese Premier League | Gzira United FC v Marsaxlokk FC | 2-0 | RC(H/A)=0/0 | strat=None
2026-01-18 10:34:03,176 [INFO] AutoTrader | BAND 30' | 30 | Friendly Matches | NK Brinje Grosuplje v Budafoki | 0-0 | RC(H/A)=0/0 | strat=None
2026-01-18 10:34:31,413 [INFO] AutoTrader | HEARTBEAT | total=193 inplay=8 with_strategy=28
2026-01-18 10:34:43,282 [INFO] AutoTrader | FINISH | Indonesian Championship | Persiku Kudus v Persiba Balikpapan | FT=2-1 | result=1 | pnl=None | strat=None | remaining_current=192
2026-01-18 10:34:44,482 [INFO] AutoTrader | KICKOFF | Turkish 1 Lig | Erzurum BB v Amed Sportif Faaliyetler | SP(H/D/A)=2.400/3.150/3.500 | fav=1 | strat=None
2026-01-18 10:35:52,800 [INFO] AutoTrader | HEARTBEAT | total=192 inplay=8 with_strategy=28
2026-01-18 10:37:13,910 [INFO] AutoTrader | HEARTBEAT | total=192 inplay=8 with_strategy=28
2026-01-18 10:37:25,956 [INFO] AutoTrader | BAND 75' | 75 | Friendly Matches | Vitkovice v Pusta Polom | 3-0 | RC(H/A)=0/0 | strat=None
2026-01-18 10:38:34,988 [INFO] AutoTrader | HEARTBEAT | total=192 inplay=8 with_strategy=28
2026-01-18 10:39:58,300 [INFO] AutoTrader | HEARTBEAT | total=192 inplay=8 with_strategy=28
2026-01-18 10:41:18,524 [INFO] AutoTrader | HEARTBEAT | total=192 inplay=8 with_strategy=28
2026-01-18 10:42:10,736 [INFO] AutoTrader | BAND 75' | 75 | Malaysian Cup | Pulau Pinang v Kuching FA | 1-0 | RC(H/A)=0/0 | strat=None
2026-01-18 10:42:39,210 [INFO] AutoTrader | HEARTBEAT | total=192 inplay=8 with_strategy=28
2026-01-18 10:43:59,659 [INFO] AutoTrader | HEARTBEAT | total=192 inplay=8 with_strategy=28
2026-01-18 10:45:20,903 [INFO] AutoTrader | HEARTBEAT | total=192 inplay=8 with_strategy=28
2026-01-18 10:45:33,383 [INFO] AutoTrader | BAND 45' | 45 | Turkish 2 Lig | 1461 Trabzon v Bursaspor | 1-0 | RC(H/A)=0/0 | strat=None
2026-01-18 10:46:42,034 [INFO] AutoTrader | HEARTBEAT | total=192 inplay=8 with_strategy=28
2026-01-18 10:48:02,839 [INFO] AutoTrader | HEARTBEAT | total=192 inplay=8 with_strategy=28
2026-01-18 10:48:15,096 [INFO] AutoTrader | BAND 45' | 45 | Maltese Premier League | Gzira United FC v Marsaxlokk FC | 2-0 | RC(H/A)=0/0 | strat=None
2026-01-18 10:48:55,251 [INFO] AutoTrader | BAND 60' | 60 | Malaysian Cup | PDRM v Johor Darul Takzim | 1-4 | RC(H/A)=0/0 | strat=None
2026-01-18 10:48:55,688 [INFO] AutoTrader | BAND 45' | 46 | Andorran Primera Divisio | CF Esperanca d'Andorra v FC Santa Coloma | 0-2 | RC(H/A)=0/0 | strat=None
2026-01-18 10:49:27,033 [INFO] AutoTrader | HEARTBEAT | total=192 inplay=8 with_strategy=28
2026-01-18 10:49:39,865 [INFO] AutoTrader | BAND 15' | 15 | Turkish 1 Lig | Erzurum BB v Amed Sportif Faaliyetler | 0-0 | RC(H/A)=0/0 | strat=None
2026-01-18 10:50:48,330 [INFO] AutoTrader | HEARTBEAT | total=192 inplay=8 with_strategy=28
2026-01-18 10:52:09,146 [INFO] AutoTrader | HEARTBEAT | total=192 inplay=8 with_strategy=28
2026-01-18 10:52:21,179 [INFO] AutoTrader | FINISH | Friendly Matches | Vitkovice v Pusta Polom | FT=3-0 | result=1 | pnl=None | strat=None | remaining_current=191
2026-01-18 10:53:30,360 [INFO] AutoTrader | HEARTBEAT | total=191 inplay=7 with_strategy=28
