2026-01-18 00:06:01,460 [INFO] MatchFinder run started
2026-01-18 00:06:01,555 [INFO] Fetching catalogue for next 12h | markets=['MATCH_ODDS', 'OVER_UNDER_45', 'CORRECT_SCORE']
2026-01-18 00:06:01,684 [INFO] Catalogue rows fetched: 183
2026-01-18 00:06:01,700 [INFO] Upserting 61 rows into current_matches...
2026-01-18 00:06:03,837 [INFO] Upsert complete.
2026-01-18 00:06:03,837 [INFO] MatchFinder run finished.
2026-01-18 00:36:17,066 [INFO] MatchFinder run started
2026-01-18 00:36:17,178 [INFO] Fetching catalogue for next 12h | markets=['MATCH_ODDS', 'OVER_UNDER_45', 'CORRECT_SCORE']
2026-01-18 00:36:17,274 [INFO] Catalogue rows fetched: 198
2026-01-18 00:36:17,308 [INFO] Upserting 66 rows into current_matches...
2026-01-18 00:36:17,325 [INFO] Upsert complete.
2026-01-18 00:36:17,325 [INFO] MatchFinder run finished.
2026-01-18 01:06:30,250 [INFO] MatchFinder run started
2026-01-18 01:06:30,347 [INFO] Fetching catalogue for next 12h | markets=['MATCH_ODDS', 'OVER_UNDER_45', 'CORRECT_SCORE']
2026-01-18 01:06:30,475 [INFO] Catalogue rows fetched: 234
2026-01-18 01:06:30,490 [INFO] Upserting 78 rows into current_matches...
2026-01-18 01:06:30,511 [INFO] Upsert complete.
2026-01-18 01:06:30,511 [INFO] MatchFinder run finished.
2026-01-18 01:36:43,271 [INFO] MatchFinder run started
2026-01-18 01:36:43,390 [INFO] Fetching catalogue for next 12h | markets=['MATCH_ODDS', 'OVER_UNDER_45', 'CORRECT_SCORE']
2026-01-18 01:36:43,495 [INFO] Catalogue rows fetched: 261
2026-01-18 01:36:43,511 [INFO] Upserting 87 rows into current_matches...
2026-01-18 01:36:43,527 [INFO] Upsert complete.
2026-01-18 01:36:43,527 [INFO] MatchFinder run finished.
2026-01-18 02:06:56,441 [INFO] MatchFinder run started
2026-01-18 02:06:56,536 [INFO] Fetching catalogue for next 12h | markets=['MATCH_ODDS', 'OVER_UNDER_45', 'CORRECT_SCORE']
2026-01-18 02:06:56,665 [INFO] Catalogue rows fetched: 282
2026-01-18 02:06:56,689 [INFO] Upserting 94 rows into current_matches...
2026-01-18 02:06:56,713 [INFO] Upsert complete.
2026-01-18 02:06:56,713 [INFO] MatchFinder run finished.
2026-01-18 02:37:09,162 [INFO] MatchFinder run started
2026-01-18 02:37:09,258 [INFO] Fetching catalogue for next 12h | markets=['MATCH_ODDS', 'OVER_UNDER_45', 'CORRECT_SCORE']
2026-01-18 02:37:09,402 [INFO] Catalogue rows fetched: 288
2026-01-18 02:37:09,433 [INFO] Upserting 96 rows into current_matches...
2026-01-18 02:37:25,500 [INFO] Upsert complete.
2026-01-18 02:37:25,500 [INFO] MatchFinder run finished.
2026-01-18 03:07:38,541 [INFO] MatchFinder run started
2026-01-18 03:07:38,653 [INFO] Fetching catalogue for next 12h | markets=['MATCH_ODDS', 'OVER_UNDER_45', 'CORRECT_SCORE']
2026-01-18 03:07:38,765 [INFO] Catalogue rows fetched: 306
2026-01-18 03:07:38,797 [INFO] Upserting 102 rows into current_matches...
2026-01-18 03:07:45,600 [INFO] Upsert complete.
2026-01-18 03:07:45,600 [INFO] MatchFinder run finished.
2026-01-18 03:37:58,014 [INFO] MatchFinder run started
2026-01-18 03:37:58,189 [INFO] Fetching catalogue for next 12h | markets=['MATCH_ODDS', 'OVER_UNDER_45', 'CORRECT_SCORE']
2026-01-18 03:37:58,316 [INFO] Catalogue rows fetched: 330
2026-01-18 03:37:58,339 [INFO] Upserting 110 rows into current_matches...
2026-01-18 03:38:08,157 [INFO] Upsert complete.
2026-01-18 03:38:08,157 [INFO] MatchFinder run finished.
2026-01-18 04:08:20,332 [INFO] MatchFinder run started
2026-01-18 04:08:20,427 [INFO] Fetching catalogue for next 12h | markets=['MATCH_ODDS', 'OVER_UNDER_45', 'CORRECT_SCORE']
2026-01-18 04:08:20,555 [INFO] Catalogue rows fetched: 352
2026-01-18 04:08:20,586 [INFO] Upserting 118 rows into current_matches...
2026-01-18 04:08:34,637 [INFO] Upsert complete.
2026-01-18 04:08:34,637 [INFO] MatchFinder run finished.
2026-01-18 04:38:47,102 [INFO] MatchFinder run started
2026-01-18 04:38:47,214 [INFO] Fetching catalogue for next 12h | markets=['MATCH_ODDS', 'OVER_UNDER_45', 'CORRECT_SCORE']
2026-01-18 04:38:47,394 [INFO] Catalogue rows fetched: 385
2026-01-18 04:38:47,421 [INFO] Upserting 129 rows into current_matches...
2026-01-18 04:39:04,258 [INFO] Upsert complete.
2026-01-18 04:39:04,258 [INFO] MatchFinder run finished.
2026-01-18 05:09:16,277 [INFO] MatchFinder run started
2026-01-18 05:09:16,404 [INFO] Fetching catalogue for next 12h | markets=['MATCH_ODDS', 'OVER_UNDER_45', 'CORRECT_SCORE']
2026-01-18 05:09:16,532 [INFO] Catalogue rows fetched: 394
2026-01-18 05:09:16,561 [INFO] Upserting 132 rows into current_matches...
2026-01-18 05:09:35,683 [INFO] Upsert complete.
2026-01-18 05:09:35,683 [INFO] MatchFinder run finished.
2026-01-18 05:39:47,875 [INFO] MatchFinder run started
2026-01-18 05:39:48,003 [INFO] Fetching catalogue for next 12h | markets=['MATCH_ODDS', 'OVER_UNDER_45', 'CORRECT_SCORE']
2026-01-18 05:39:48,145 [INFO] Catalogue rows fetched: 407
2026-01-18 05:39:48,177 [INFO] Upserting 137 rows into current_matches...
2026-01-18 05:40:08,108 [INFO] Upsert complete.
2026-01-18 05:40:08,108 [INFO] MatchFinder run finished.
2026-01-18 06:10:20,311 [INFO] MatchFinder run started
2026-01-18 06:10:20,412 [INFO] Fetching catalogue for next 12h | markets=['MATCH_ODDS', 'OVER_UNDER_45', 'CORRECT_SCORE']
2026-01-18 06:10:20,573 [INFO] Catalogue rows fetched: 413
2026-01-18 06:10:20,594 [INFO] Upserting 139 rows into current_matches...
2026-01-18 06:10:39,999 [INFO] Upsert complete.
2026-01-18 06:10:40,015 [INFO] MatchFinder run finished.
2026-01-18 06:40:52,182 [INFO] MatchFinder run started
2026-01-18 06:40:52,293 [INFO] Fetching catalogue for next 12h | markets=['MATCH_ODDS', 'OVER_UNDER_45', 'CORRECT_SCORE']
2026-01-18 06:40:52,437 [INFO] Catalogue rows fetched: 422
2026-01-18 06:40:52,468 [INFO] Upserting 142 rows into current_matches...
2026-01-18 06:40:52,502 [INFO] Upsert complete.
2026-01-18 06:40:52,502 [INFO] MatchFinder run finished.
2026-01-18 07:11:04,519 [INFO] MatchFinder run started
2026-01-18 07:11:04,631 [INFO] Fetching catalogue for next 12h | markets=['MATCH_ODDS', 'OVER_UNDER_45', 'CORRECT_SCORE']
2026-01-18 07:11:04,774 [INFO] Catalogue rows fetched: 437
2026-01-18 07:11:04,805 [INFO] Upserting 147 rows into current_matches...
2026-01-18 07:11:06,505 [INFO] Upsert complete.
2026-01-18 07:11:06,505 [INFO] MatchFinder run finished.
2026-01-18 07:41:18,687 [INFO] MatchFinder run started
2026-01-18 07:41:18,798 [INFO] Fetching catalogue for next 12h | markets=['MATCH_ODDS', 'OVER_UNDER_45', 'CORRECT_SCORE']
2026-01-18 07:41:18,957 [INFO] Catalogue rows fetched: 455
2026-01-18 07:41:18,992 [INFO] Upserting 153 rows into current_matches...
2026-01-18 07:41:40,967 [INFO] Upsert complete.
2026-01-18 07:41:40,967 [INFO] MatchFinder run finished.
2026-01-18 08:11:53,175 [INFO] MatchFinder run started
2026-01-18 08:11:53,287 [INFO] Fetching catalogue for next 12h | markets=['MATCH_ODDS', 'OVER_UNDER_45', 'CORRECT_SCORE']
2026-01-18 08:11:53,430 [INFO] Catalogue rows fetched: 494
2026-01-18 08:11:53,462 [INFO] Upserting 166 rows into current_matches...
2026-01-18 08:11:56,582 [INFO] Upsert complete.
2026-01-18 08:11:56,582 [INFO] MatchFinder run finished.
2026-01-18 08:42:10,881 [INFO] MatchFinder run started
2026-01-18 08:42:10,983 [INFO] Fetching catalogue for next 12h | markets=['MATCH_ODDS', 'OVER_UNDER_45', 'CORRECT_SCORE']
2026-01-18 08:42:11,161 [INFO] Catalogue rows fetched: 491
2026-01-18 08:42:11,181 [INFO] Upserting 165 rows into current_matches...
2026-01-18 08:42:34,598 [INFO] Upsert complete.
2026-01-18 08:42:34,598 [INFO] MatchFinder run finished.
2026-01-18 09:12:47,578 [INFO] MatchFinder run started
2026-01-18 09:12:47,700 [INFO] Fetching catalogue for next 12h | markets=['MATCH_ODDS', 'OVER_UNDER_45', 'CORRECT_SCORE']
2026-01-18 09:12:47,854 [INFO] Catalogue rows fetched: 509
2026-01-18 09:12:47,883 [INFO] Upserting 171 rows into current_matches...
2026-01-18 09:12:59,451 [INFO] Upsert complete.
2026-01-18 09:12:59,451 [INFO] MatchFinder run finished.
2026-01-18 09:43:15,538 [INFO] MatchFinder run started
2026-01-18 09:43:15,648 [INFO] Fetching catalogue for next 12h | markets=['MATCH_ODDS', 'OVER_UNDER_45', 'CORRECT_SCORE']
2026-01-18 09:43:15,847 [INFO] Catalogue rows fetched: 518
2026-01-18 09:43:15,863 [INFO] Upserting 174 rows into current_matches...
2026-01-18 09:43:35,517 [INFO] Upsert complete.
2026-01-18 09:43:35,518 [INFO] MatchFinder run finished.
2026-01-18 10:13:51,553 [INFO] MatchFinder run started
2026-01-18 10:13:51,664 [INFO] Fetching catalogue for next 12h | markets=['MATCH_ODDS', 'OVER_UNDER_45', 'CORRECT_SCORE']
2026-01-18 10:13:51,834 [INFO] Catalogue rows fetched: 521
2026-01-18 10:13:51,866 [INFO] Upserting 175 rows into current_matches...
2026-01-18 10:13:59,114 [INFO] Upsert complete.
2026-01-18 10:13:59,114 [INFO] MatchFinder run finished.
2026-01-18 10:44:15,111 [INFO] MatchFinder run started
2026-01-18 10:44:15,235 [INFO] Fetching catalogue for next 12h | markets=['MATCH_ODDS', 'OVER_UNDER_45', 'CORRECT_SCORE']
2026-01-18 10:44:15,423 [INFO] Catalogue rows fetched: 518
2026-01-18 10:44:15,465 [INFO] Upserting 174 rows into current_matches...
2026-01-18 10:44:40,136 [INFO] Upsert complete.
2026-01-18 10:44:40,136 [INFO] MatchFinder run finished.
